2020-10-02 22:21:33,565 INFO Directory LC08_L1GT_132046_20160519_20170324_01_T2 created successfully
2020-10-02 22:21:33,565 INFO Directory LC08_L1GT_132046_20160620_20170323_01_T2 created successfully
2020-10-02 22:21:33,566 INFO Directory LC08_L1GT_132046_20160706_20170323_01_T2 created successfully
2020-10-02 22:21:33,566 INFO Directory LC08_L1GT_132046_20160722_20170322_01_T2 created successfully
2020-10-02 22:21:33,566 INFO Directory LC08_L1GT_132046_20160722_20180524_01_T2 created successfully
2020-10-02 22:21:33,566 INFO Directory LC08_L1GT_132046_20160823_20170322_01_T2 created successfully
2020-10-02 22:21:33,567 INFO Directory LC08_L1GT_132046_20170709_20170709_01_RT created successfully
2020-10-02 22:21:33,567 INFO Directory LC08_L1GT_132046_20170709_20170717_01_T2 created successfully
2020-10-02 22:21:33,567 INFO Directory LC08_L1GT_132046_20170725_20170725_01_RT created successfully
2020-10-02 22:21:33,567 INFO Directory LC08_L1GT_132046_20170725_20170810_01_T2 created successfully
2020-10-02 22:21:33,567 INFO Directory LC08_L1GT_132046_20170810_20170810_01_RT created successfully
2020-10-02 22:21:33,567 INFO Directory LC08_L1GT_132046_20170810_20170824_01_T2 created successfully
2020-10-02 22:21:33,568 INFO Directory LC08_L1GT_132046_20170826_20170826_01_RT created successfully
2020-10-02 22:21:33,568 INFO Directory LC08_L1GT_132046_20170826_20170913_01_T2 created successfully
2020-10-02 22:21:33,568 INFO Directory LC08_L1GT_132046_20170927_20171013_01_T2 created successfully
2020-10-02 22:21:33,568 INFO Directory LC08_L1GT_132046_20180610_20180610_01_RT created successfully
2020-10-02 22:21:33,568 INFO Directory LC08_L1GT_132046_20180610_20180615_01_T2 created successfully
2020-10-02 22:21:33,569 INFO Directory LC08_L1GT_132046_20180626_20180626_01_RT created successfully
2020-10-02 22:21:33,569 INFO Directory LC08_L1GT_132046_20180626_20180704_01_T2 created successfully
2020-10-02 22:21:33,569 INFO Directory LC08_L1GT_132046_20180712_20180712_01_RT created successfully
2020-10-02 22:21:33,569 INFO Directory LC08_L1GT_132046_20180712_20180717_01_T2 created successfully
2020-10-02 22:21:33,569 INFO Directory LC08_L1GT_132046_20180728_20180728_01_RT created successfully
2020-10-02 22:21:33,569 INFO Directory LC08_L1GT_132046_20180728_20180731_01_T2 created successfully
2020-10-02 22:21:33,570 INFO Directory LC08_L1GT_132046_20180813_20180813_01_RT created successfully
2020-10-02 22:21:33,570 INFO Directory LC08_L1GT_132046_20180813_20180828_01_T2 created successfully
2020-10-02 22:21:33,570 INFO Directory LC08_L1GT_132046_20180829_20180829_01_RT created successfully
2020-10-02 22:21:33,570 INFO Directory LC08_L1GT_132046_20180829_20180911_01_T2 created successfully
2020-10-02 22:21:33,570 INFO Directory LC08_L1GT_132046_20180914_20180914_01_RT created successfully
2020-10-02 22:21:33,571 INFO Directory LC08_L1GT_132046_20180914_20180928_01_T2 created successfully
2020-10-02 22:21:33,571 INFO Directory LC08_L1GT_132046_20190613_20190613_01_RT created successfully
2020-10-02 22:21:33,571 INFO Directory LC08_L1GT_132046_20190613_20190619_01_T2 created successfully
2020-10-02 22:21:33,571 INFO Directory LC08_L1GT_132046_20190629_20190629_01_RT created successfully
2020-10-02 22:21:33,571 INFO Directory LC08_L1GT_132046_20190629_20190706_01_T2 created successfully
2020-10-02 22:21:33,571 INFO Directory LC08_L1GT_132046_20190731_20190731_01_RT created successfully
2020-10-02 22:21:33,572 INFO Directory LC08_L1GT_132046_20190731_20190819_01_T2 created successfully
2020-10-02 22:21:33,572 INFO Directory LC08_L1GT_132046_20190816_20190816_01_RT created successfully
2020-10-02 22:21:33,572 INFO Directory LC08_L1GT_132046_20190816_20190821_01_T2 created successfully
2020-10-02 22:21:33,572 INFO Directory LC08_L1GT_132046_20190901_20190901_01_RT created successfully
2020-10-02 22:21:33,572 INFO Directory LC08_L1GT_132046_20190901_20190916_01_T2 created successfully
2020-10-02 22:21:33,573 INFO Directory LC08_L1GT_132046_20200428_20200428_01_RT created successfully
2020-10-02 22:21:33,573 INFO Directory LC08_L1GT_132046_20200428_20200509_01_T2 created successfully
2020-10-02 22:21:33,573 INFO Directory LC08_L1GT_132046_20200701_20200701_01_RT created successfully
2020-10-02 22:21:33,573 INFO Directory LC08_L1GT_132046_20200701_20200708_01_T2 created successfully
2020-10-02 22:21:33,573 INFO Directory LC08_L1GT_132046_20200818_20200818_01_RT created successfully
2020-10-02 22:21:33,573 INFO Directory LC08_L1GT_132046_20200818_20200823_01_T2 created successfully
2020-10-02 22:21:33,574 INFO Directory LC08_L1TP_132046_20151008_20170403_01_T1 created successfully
2020-10-02 22:21:33,574 INFO Directory LC08_L1TP_132046_20151024_20170402_01_T1 created successfully
2020-10-02 22:21:33,574 INFO Directory LC08_L1TP_132046_20151109_20170402_01_T1 created successfully
2020-10-02 22:21:33,574 INFO Directory LC08_L1TP_132046_20151125_20170401_01_T1 created successfully
2020-10-02 22:21:33,574 INFO Directory LC08_L1TP_132046_20151211_20170401_01_T1 created successfully
2020-10-02 22:21:33,575 INFO Directory LC08_L1TP_132046_20151227_20170331_01_T1 created successfully
2020-10-02 22:21:33,575 INFO Directory LC08_L1TP_132046_20160112_20170405_01_T1 created successfully
2020-10-02 22:21:33,575 INFO Directory LC08_L1TP_132046_20160128_20170330_01_T1 created successfully
2020-10-02 22:21:33,575 INFO Directory LC08_L1TP_132046_20160213_20170330_01_T1 created successfully
2020-10-02 22:21:33,575 INFO Directory LC08_L1TP_132046_20160229_20170329_01_T1 created successfully
2020-10-02 22:21:33,575 INFO Directory LC08_L1TP_132046_20160316_20170328_01_T1 created successfully
2020-10-02 22:21:33,576 INFO Directory LC08_L1TP_132046_20160401_20170327_01_T1 created successfully
2020-10-02 22:21:33,576 INFO Directory LC08_L1TP_132046_20160417_20170326_01_T1 created successfully
2020-10-02 22:21:33,576 INFO Directory LC08_L1TP_132046_20160503_20170325_01_T1 created successfully
2020-10-02 22:21:33,576 INFO Directory LC08_L1TP_132046_20160604_20170324_01_T2 created successfully
2020-10-02 22:21:33,576 INFO Directory LC08_L1TP_132046_20160807_20170322_01_T1 created successfully
2020-10-02 22:21:33,576 INFO Directory LC08_L1TP_132046_20160908_20170321_01_T1 created successfully
2020-10-02 22:21:33,577 INFO Directory LC08_L1TP_132046_20160908_20180524_01_T1 created successfully
2020-10-02 22:21:33,577 INFO Directory LC08_L1TP_132046_20160924_20170320_01_T1 created successfully
2020-10-02 22:21:33,577 INFO Directory LC08_L1TP_132046_20161010_20170320_01_T1 created successfully
2020-10-02 22:21:33,577 INFO Directory LC08_L1TP_132046_20161026_20170319_01_T1 created successfully
2020-10-02 22:21:33,577 INFO Directory LC08_L1TP_132046_20161111_20170318_01_T1 created successfully
2020-10-02 22:21:33,578 INFO Directory LC08_L1TP_132046_20161127_20170317_01_T1 created successfully
2020-10-02 22:21:33,578 INFO Directory LC08_L1TP_132046_20161213_20170316_01_T1 created successfully
2020-10-02 22:21:33,578 INFO Directory LC08_L1TP_132046_20161229_20170314_01_T1 created successfully
2020-10-02 22:21:33,578 INFO Directory LC08_L1TP_132046_20170114_20170311_01_T1 created successfully
2020-10-02 22:21:33,578 INFO Directory LC08_L1TP_132046_20170130_20170215_01_T1 created successfully
2020-10-02 22:21:33,579 INFO Directory LC08_L1TP_132046_20170215_20170228_01_T1 created successfully
2020-10-02 22:21:33,579 INFO Directory LC08_L1TP_132046_20170303_20170316_01_T1 created successfully
2020-10-02 22:21:33,579 INFO Directory LC08_L1TP_132046_20170319_20170328_01_T1 created successfully
2020-10-02 22:21:33,579 INFO Directory LC08_L1TP_132046_20170404_20170414_01_T1 created successfully
2020-10-02 22:21:33,579 INFO Directory LC08_L1TP_132046_20170420_20170420_01_RT created successfully
2020-10-02 22:21:33,579 INFO Directory LC08_L1TP_132046_20170420_20170501_01_T1 created successfully
2020-10-02 22:21:33,580 INFO Directory LC08_L1TP_132046_20170506_20170506_01_RT created successfully
2020-10-02 22:21:33,580 INFO Directory LC08_L1TP_132046_20170506_20170515_01_T1 created successfully
2020-10-02 22:21:33,580 INFO Directory LC08_L1TP_132046_20170522_20170522_01_RT created successfully
2020-10-02 22:21:33,580 INFO Directory LC08_L1TP_132046_20170522_20170526_01_T1 created successfully
2020-10-02 22:21:33,580 INFO Directory LC08_L1TP_132046_20170607_20170607_01_RT created successfully
2020-10-02 22:21:33,581 INFO Directory LC08_L1TP_132046_20170607_20170616_01_T1 created successfully
2020-10-02 22:21:33,581 INFO Directory LC08_L1TP_132046_20170623_20170623_01_RT created successfully
2020-10-02 22:21:33,581 INFO Directory LC08_L1TP_132046_20170623_20170630_01_T1 created successfully
2020-10-02 22:21:33,581 INFO Directory LC08_L1TP_132046_20170911_20170911_01_RT created successfully
2020-10-02 22:21:33,581 INFO Directory LC08_L1TP_132046_20170911_20170927_01_T2 created successfully
2020-10-02 22:21:33,581 INFO Directory LC08_L1TP_132046_20171013_20171013_01_RT created successfully
2020-10-02 22:21:33,582 INFO Directory LC08_L1TP_132046_20171013_20171024_01_T1 created successfully
2020-10-02 22:21:33,582 INFO Directory LC08_L1TP_132046_20171029_20171029_01_RT created successfully
2020-10-02 22:21:33,582 INFO Directory LC08_L1TP_132046_20171029_20171109_01_T1 created successfully
2020-10-02 22:21:33,582 INFO Directory LC08_L1TP_132046_20171114_20171114_01_RT created successfully
2020-10-02 22:21:33,582 INFO Directory LC08_L1TP_132046_20171114_20171122_01_T1 created successfully
2020-10-02 22:21:33,583 INFO Directory LC08_L1TP_132046_20171130_20171130_01_RT created successfully
2020-10-02 22:21:33,583 INFO Directory LC08_L1TP_132046_20171130_20171207_01_T1 created successfully
2020-10-02 22:21:33,583 INFO Directory LC08_L1TP_132046_20171216_20171216_01_RT created successfully
2020-10-02 22:21:33,583 INFO Directory LC08_L1TP_132046_20171216_20171224_01_T1 created successfully
2020-10-02 22:21:33,583 INFO Directory LC08_L1TP_132046_20180101_20180101_01_RT created successfully
2020-10-02 22:21:33,583 INFO Directory LC08_L1TP_132046_20180101_20180104_01_T2 created successfully
2020-10-02 22:21:33,584 INFO Directory LC08_L1TP_132046_20180117_20180117_01_RT created successfully
2020-10-02 22:21:33,584 INFO Directory LC08_L1TP_132046_20180117_20180205_01_T1 created successfully
2020-10-02 22:21:33,584 INFO Directory LC08_L1TP_132046_20180202_20180202_01_RT created successfully
2020-10-02 22:21:33,584 INFO Directory LC08_L1TP_132046_20180202_20180220_01_T1 created successfully
2020-10-02 22:21:33,584 INFO Directory LC08_L1TP_132046_20180218_20180218_01_RT created successfully
2020-10-02 22:21:33,585 INFO Directory LC08_L1TP_132046_20180218_20180307_01_T1 created successfully
2020-10-02 22:21:33,585 INFO Directory LC08_L1TP_132046_20180306_20180306_01_RT created successfully
2020-10-02 22:21:33,585 INFO Directory LC08_L1TP_132046_20180306_20180319_01_T1 created successfully
2020-10-02 22:21:33,585 INFO Directory LC08_L1TP_132046_20180322_20180322_01_RT created successfully
2020-10-02 22:21:33,585 INFO Directory LC08_L1TP_132046_20180322_20180403_01_T1 created successfully
2020-10-02 22:21:33,585 INFO Directory LC08_L1TP_132046_20180407_20180407_01_RT created successfully
2020-10-02 22:21:33,586 INFO Directory LC08_L1TP_132046_20180407_20180417_01_T1 created successfully
2020-10-02 22:21:33,586 INFO Directory LC08_L1TP_132046_20180423_20180423_01_RT created successfully
2020-10-02 22:21:33,586 INFO Directory LC08_L1TP_132046_20180423_20180502_01_T1 created successfully
2020-10-02 22:21:33,586 INFO Directory LC08_L1TP_132046_20180509_20180509_01_RT created successfully
2020-10-02 22:21:33,586 INFO Directory LC08_L1TP_132046_20180509_20180517_01_T1 created successfully
2020-10-02 22:21:33,587 INFO Directory LC08_L1TP_132046_20180525_20180525_01_RT created successfully
2020-10-02 22:21:33,587 INFO Directory LC08_L1TP_132046_20180525_20180605_01_T1 created successfully
2020-10-02 22:21:33,587 INFO Directory LC08_L1TP_132046_20180930_20180930_01_RT created successfully
2020-10-02 22:21:33,587 INFO Directory LC08_L1TP_132046_20180930_20181010_01_T1 created successfully
2020-10-02 22:21:33,587 INFO Directory LC08_L1TP_132046_20181016_20181016_01_RT created successfully
2020-10-02 22:21:33,587 INFO Directory LC08_L1TP_132046_20181016_20181030_01_T1 created successfully
2020-10-02 22:21:33,588 INFO Directory LC08_L1TP_132046_20181101_20181101_01_RT created successfully
2020-10-02 22:21:33,588 INFO Directory LC08_L1TP_132046_20181101_20181115_01_T1 created successfully
2020-10-02 22:21:33,588 INFO Directory LC08_L1TP_132046_20181117_20181119_01_RT created successfully
2020-10-02 22:21:33,588 INFO Directory LC08_L1TP_132046_20181117_20181129_01_T1 created successfully
2020-10-02 22:21:33,588 INFO Directory LC08_L1TP_132046_20181203_20181203_01_RT created successfully
2020-10-02 22:21:33,589 INFO Directory LC08_L1TP_132046_20181203_20181211_01_T1 created successfully
2020-10-02 22:21:33,589 INFO Directory LC08_L1TP_132046_20181219_20181219_01_RT created successfully
2020-10-02 22:21:33,589 INFO Directory LC08_L1TP_132046_20181219_20181227_01_T1 created successfully
2020-10-02 22:21:33,589 INFO Directory LC08_L1TP_132046_20190104_20190104_01_RT created successfully
2020-10-02 22:21:33,589 INFO Directory LC08_L1TP_132046_20190104_20190130_01_T1 created successfully
2020-10-02 22:21:33,590 INFO Directory LC08_L1TP_132046_20190120_20190120_01_RT created successfully
2020-10-02 22:21:33,590 INFO Directory LC08_L1TP_132046_20190120_20190201_01_T1 created successfully
2020-10-02 22:21:33,590 INFO Directory LC08_L1TP_132046_20190205_20190205_01_RT created successfully
2020-10-02 22:21:33,590 INFO Directory LC08_L1TP_132046_20190205_20190221_01_T1 created successfully
2020-10-02 22:21:33,590 INFO Directory LC08_L1TP_132046_20190221_20190221_01_RT created successfully
2020-10-02 22:21:33,590 INFO Directory LC08_L1TP_132046_20190221_20190308_01_T1 created successfully
2020-10-02 22:21:33,591 INFO Directory LC08_L1TP_132046_20190309_20190309_01_RT created successfully
2020-10-02 22:21:33,591 INFO Directory LC08_L1TP_132046_20190309_20190325_01_T1 created successfully
2020-10-02 22:21:33,591 INFO Directory LC08_L1TP_132046_20190325_20190325_01_RT created successfully
2020-10-02 22:21:33,591 INFO Directory LC08_L1TP_132046_20190325_20190403_01_T1 created successfully
2020-10-02 22:21:33,591 INFO Directory LC08_L1TP_132046_20190410_20190410_01_RT created successfully
2020-10-02 22:21:33,592 INFO Directory LC08_L1TP_132046_20190410_20190422_01_T1 created successfully
2020-10-02 22:21:33,592 INFO Directory LC08_L1TP_132046_20190426_20190426_01_RT created successfully
2020-10-02 22:21:33,592 INFO Directory LC08_L1TP_132046_20190426_20190508_01_T1 created successfully
2020-10-02 22:21:33,592 INFO Directory LC08_L1TP_132046_20190512_20190512_01_RT created successfully
2020-10-02 22:21:33,592 INFO Directory LC08_L1TP_132046_20190512_20190521_01_T1 created successfully
2020-10-02 22:21:33,592 INFO Directory LC08_L1TP_132046_20190528_20190528_01_RT created successfully
2020-10-02 22:21:33,593 INFO Directory LC08_L1TP_132046_20190528_20190605_01_T1 created successfully
2020-10-02 22:21:33,593 INFO Directory LC08_L1TP_132046_20190715_20190715_01_RT created successfully
2020-10-02 22:21:33,593 INFO Directory LC08_L1TP_132046_20190715_20190720_01_T1 created successfully
2020-10-02 22:21:33,593 INFO Directory LC08_L1TP_132046_20190917_20190917_01_RT created successfully
2020-10-02 22:21:33,593 INFO Directory LC08_L1TP_132046_20190917_20190925_01_T1 created successfully
2020-10-02 22:21:33,593 INFO Directory LC08_L1TP_132046_20191003_20191003_01_RT created successfully
2020-10-02 22:21:33,594 INFO Directory LC08_L1TP_132046_20191003_20191018_01_T1 created successfully
2020-10-02 22:21:33,594 INFO Directory LC08_L1TP_132046_20191019_20191019_01_RT created successfully
2020-10-02 22:21:33,594 INFO Directory LC08_L1TP_132046_20191019_20191029_01_T1 created successfully
2020-10-02 22:21:33,594 INFO Directory LC08_L1TP_132046_20191104_20191104_01_RT created successfully
2020-10-02 22:21:33,594 INFO Directory LC08_L1TP_132046_20191104_20191115_01_T1 created successfully
2020-10-02 22:21:33,595 INFO Directory LC08_L1TP_132046_20191120_20191120_01_RT created successfully
2020-10-02 22:21:33,595 INFO Directory LC08_L1TP_132046_20191120_20191203_01_T1 created successfully
2020-10-02 22:21:33,595 INFO Directory LC08_L1TP_132046_20191206_20191206_01_RT created successfully
2020-10-02 22:21:33,595 INFO Directory LC08_L1TP_132046_20191206_20191217_01_T1 created successfully
2020-10-02 22:21:33,595 INFO Directory LC08_L1TP_132046_20191222_20191222_01_T1 created successfully
2020-10-02 22:21:33,595 INFO Directory LC08_L1TP_132046_20191222_20200110_01_T1 created successfully
2020-10-02 22:21:33,596 INFO Directory LC08_L1TP_132046_20200107_20200107_01_RT created successfully
2020-10-02 22:21:33,596 INFO Directory LC08_L1TP_132046_20200107_20200114_01_T1 created successfully
2020-10-02 22:21:33,596 INFO Directory LC08_L1TP_132046_20200123_20200123_01_RT created successfully
2020-10-02 22:21:33,596 INFO Directory LC08_L1TP_132046_20200123_20200128_01_T1 created successfully
2020-10-02 22:21:33,596 INFO Directory LC08_L1TP_132046_20200208_20200209_01_RT created successfully
2020-10-02 22:21:33,597 INFO Directory LC08_L1TP_132046_20200208_20200211_01_T1 created successfully
2020-10-02 22:21:33,597 INFO Directory LC08_L1TP_132046_20200224_20200224_01_RT created successfully
2020-10-02 22:21:33,597 INFO Directory LC08_L1TP_132046_20200224_20200313_01_T1 created successfully
2020-10-02 22:21:33,597 INFO Directory LC08_L1TP_132046_20200311_20200311_01_RT created successfully
2020-10-02 22:21:33,597 INFO Directory LC08_L1TP_132046_20200311_20200325_01_T1 created successfully
2020-10-02 22:21:33,597 INFO Directory LC08_L1TP_132046_20200327_20200327_01_RT created successfully
2020-10-02 22:21:33,598 INFO Directory LC08_L1TP_132046_20200327_20200409_01_T1 created successfully
2020-10-02 22:21:33,598 INFO Directory LC08_L1TP_132046_20200412_20200412_01_RT created successfully
2020-10-02 22:21:33,598 INFO Directory LC08_L1TP_132046_20200412_20200422_01_T1 created successfully
2020-10-02 22:21:33,598 INFO Directory LC08_L1TP_132046_20200514_20200514_01_RT created successfully
2020-10-02 22:21:33,598 INFO Directory LC08_L1TP_132046_20200514_20200527_01_T1 created successfully
2020-10-02 22:21:33,599 INFO Directory LC08_L1TP_132046_20200530_20200530_01_RT created successfully
2020-10-02 22:21:33,599 INFO Directory LC08_L1TP_132046_20200530_20200608_01_T1 created successfully
2020-10-02 22:21:33,599 INFO Directory LC08_L1TP_132046_20200615_20200615_01_RT created successfully
2020-10-02 22:21:33,599 INFO Directory LC08_L1TP_132046_20200615_20200625_01_T1 created successfully
2020-10-02 22:21:33,599 INFO Directory LC08_L1TP_132046_20200717_20200717_01_RT created successfully
2020-10-02 22:21:33,599 INFO Directory LC08_L1TP_132046_20200717_20200722_01_T2 created successfully
2020-10-02 22:21:33,600 INFO Directory LC08_L1TP_132046_20200802_20200802_01_RT created successfully
2020-10-02 22:21:33,600 INFO Directory LC08_L1TP_132046_20200802_20200807_01_T1 created successfully
2020-10-02 22:21:33,600 INFO Directory LC08_L1TP_132046_20200903_20200903_01_RT created successfully
2020-10-02 22:21:33,600 INFO Directory LC08_L1TP_132046_20200903_20200920_01_T1 created successfully
2020-10-02 22:21:33,600 INFO Directory LC08_L1TP_132046_20200919_20200919_01_RT created successfully
2020-10-02 22:21:33,600 INFO Directory LC08_L1GT_131046_20151204_20170401_01_T2 created successfully
2020-10-02 22:21:33,601 INFO Directory LC08_L1GT_131046_20160715_20170323_01_T2 created successfully
2020-10-02 22:21:33,601 INFO Directory LC08_L1GT_131046_20160731_20170322_01_T2 created successfully
2020-10-02 22:21:33,601 INFO Directory LC08_L1GT_131046_20160816_20170322_01_T2 created successfully
2020-10-02 22:21:33,601 INFO Directory LC08_L1GT_131046_20170531_20170531_01_RT created successfully
2020-10-02 22:21:33,601 INFO Directory LC08_L1GT_131046_20170531_20170615_01_T2 created successfully
2020-10-02 22:21:33,602 INFO Directory LC08_L1GT_131046_20170616_20170616_01_RT created successfully
2020-10-02 22:21:33,602 INFO Directory LC08_L1GT_131046_20170616_20170629_01_T2 created successfully
2020-10-02 22:21:33,602 INFO Directory LC08_L1GT_131046_20170718_20170718_01_RT created successfully
2020-10-02 22:21:33,602 INFO Directory LC08_L1GT_131046_20170718_20170727_01_T2 created successfully
2020-10-02 22:21:33,602 INFO Directory LC08_L1GT_131046_20171123_20171123_01_RT created successfully
2020-10-02 22:21:33,602 INFO Directory LC08_L1GT_131046_20171123_20171206_01_T2 created successfully
2020-10-02 22:21:33,603 INFO Directory LC08_L1GT_131046_20180502_20180502_01_RT created successfully
2020-10-02 22:21:33,603 INFO Directory LC08_L1GT_131046_20180502_20180516_01_T2 created successfully
2020-10-02 22:21:33,603 INFO Directory LC08_L1GT_131046_20180619_20180619_01_RT created successfully
2020-10-02 22:21:33,603 INFO Directory LC08_L1GT_131046_20180619_20180703_01_T2 created successfully
2020-10-02 22:21:33,603 INFO Directory LC08_L1GT_131046_20180721_20180721_01_RT created successfully
2020-10-02 22:21:33,604 INFO Directory LC08_L1GT_131046_20180721_20180731_01_T2 created successfully
2020-10-02 22:21:33,604 INFO Directory LC08_L1GT_131046_20180806_20180806_01_RT created successfully
2020-10-02 22:21:33,604 INFO Directory LC08_L1GT_131046_20180806_20180815_01_T2 created successfully
2020-10-02 22:21:33,604 INFO Directory LC08_L1GT_131046_20181212_20181212_01_RT created successfully
2020-10-02 22:21:33,604 INFO Directory LC08_L1GT_131046_20181212_20181226_01_T2 created successfully
2020-10-02 22:21:33,604 INFO Directory LC08_L1GT_131046_20190708_20190708_01_RT created successfully
2020-10-02 22:21:33,605 INFO Directory LC08_L1GT_131046_20190708_20190719_01_T2 created successfully
2020-10-02 22:21:33,605 INFO Directory LC08_L1GT_131046_20190724_20190724_01_RT created successfully
2020-10-02 22:21:33,605 INFO Directory LC08_L1GT_131046_20190724_20190801_01_T2 created successfully
2020-10-02 22:21:33,605 INFO Directory LC08_L1GT_131046_20190809_20190809_01_RT created successfully
2020-10-02 22:21:33,605 INFO Directory LC08_L1GT_131046_20190809_20190820_01_T2 created successfully
2020-10-02 22:21:33,606 INFO Directory LC08_L1GT_131046_20200710_20200710_01_RT created successfully
2020-10-02 22:21:33,606 INFO Directory LC08_L1GT_131046_20200710_20200721_01_T2 created successfully
2020-10-02 22:21:33,606 INFO Directory LC08_L1GT_131046_20200811_20200811_01_RT created successfully
2020-10-02 22:21:33,606 INFO Directory LC08_L1GT_131046_20200811_20200822_01_T2 created successfully
2020-10-02 22:21:33,606 INFO Directory LC08_L1TP_131046_20151001_20170403_01_T1 created successfully
2020-10-02 22:21:33,606 INFO Directory LC08_L1TP_131046_20151001_20180524_01_T1 created successfully
2020-10-02 22:21:33,607 INFO Directory LC08_L1TP_131046_20151017_20170403_01_T1 created successfully
2020-10-02 22:21:33,607 INFO Directory LC08_L1TP_131046_20151102_20170402_01_T1 created successfully
2020-10-02 22:21:33,607 INFO Directory LC08_L1TP_131046_20151118_20170402_01_T1 created successfully
2020-10-02 22:21:33,607 INFO Directory LC08_L1TP_131046_20151220_20170331_01_T1 created successfully
2020-10-02 22:21:33,607 INFO Directory LC08_L1TP_131046_20160105_20170404_01_T1 created successfully
2020-10-02 22:21:33,608 INFO Directory LC08_L1TP_131046_20160121_20170405_01_T1 created successfully
2020-10-02 22:21:33,608 INFO Directory LC08_L1TP_131046_20160206_20170405_01_T1 created successfully
2020-10-02 22:21:33,608 INFO Directory LC08_L1TP_131046_20160222_20170329_01_T1 created successfully
2020-10-02 22:21:33,608 INFO Directory LC08_L1TP_131046_20160309_20170328_01_T1 created successfully
2020-10-02 22:21:33,608 INFO Directory LC08_L1TP_131046_20160325_20170327_01_T1 created successfully
2020-10-02 22:21:33,608 INFO Directory LC08_L1TP_131046_20160325_20180524_01_T1 created successfully
2020-10-02 22:21:33,609 INFO Directory LC08_L1TP_131046_20160410_20170326_01_T1 created successfully
2020-10-02 22:21:33,609 INFO Directory LC08_L1TP_131046_20160426_20170326_01_T1 created successfully
2020-10-02 22:21:33,609 INFO Directory LC08_L1TP_131046_20160512_20170325_01_T1 created successfully
2020-10-02 22:21:33,609 INFO Directory LC08_L1TP_131046_20160528_20170324_01_T1 created successfully
2020-10-02 22:21:33,609 INFO Directory LC08_L1TP_131046_20160613_20170324_01_T1 created successfully
2020-10-02 22:21:33,610 INFO Directory LC08_L1TP_131046_20160629_20170323_01_T2 created successfully
2020-10-02 22:21:33,610 INFO Directory LC08_L1TP_131046_20160629_20180524_01_T2 created successfully
2020-10-02 22:21:33,610 INFO Directory LC08_L1TP_131046_20160901_20170321_01_T1 created successfully
2020-10-02 22:21:33,610 INFO Directory LC08_L1TP_131046_20160917_20170321_01_T1 created successfully
2020-10-02 22:21:33,610 INFO Directory LC08_L1TP_131046_20161003_20170319_01_T1 created successfully
2020-10-02 22:21:33,610 INFO Directory LC08_L1TP_131046_20161019_20170319_01_T1 created successfully
2020-10-02 22:21:33,611 INFO Directory LC08_L1TP_131046_20161104_20170318_01_T1 created successfully
2020-10-02 22:21:33,611 INFO Directory LC08_L1TP_131046_20161120_20170318_01_T1 created successfully
2020-10-02 22:21:33,611 INFO Directory LC08_L1TP_131046_20161206_20170317_01_T1 created successfully
2020-10-02 22:21:33,611 INFO Directory LC08_L1TP_131046_20161206_20180524_01_T1 created successfully
2020-10-02 22:21:33,611 INFO Directory LC08_L1TP_131046_20161222_20170315_01_T1 created successfully
2020-10-02 22:21:33,612 INFO Directory LC08_L1TP_131046_20170107_20170311_01_T1 created successfully
2020-10-02 22:21:33,612 INFO Directory LC08_L1TP_131046_20170123_20170311_01_T1 created successfully
2020-10-02 22:21:33,612 INFO Directory LC08_L1TP_131046_20170208_20170216_01_T1 created successfully
2020-10-02 22:21:33,612 INFO Directory LC08_L1TP_131046_20170224_20170301_01_T1 created successfully
2020-10-02 22:21:33,612 INFO Directory LC08_L1TP_131046_20170312_20170317_01_T1 created successfully
2020-10-02 22:21:33,612 INFO Directory LC08_L1TP_131046_20170328_20170414_01_T1 created successfully
2020-10-02 22:21:33,613 INFO Directory LC08_L1TP_131046_20170413_20170413_01_RT created successfully
2020-10-02 22:21:33,613 INFO Directory LC08_L1TP_131046_20170413_20170501_01_T1 created successfully
2020-10-02 22:21:33,613 INFO Directory LC08_L1TP_131046_20170429_20170429_01_RT created successfully
2020-10-02 22:21:33,613 INFO Directory LC08_L1TP_131046_20170429_20170515_01_T1 created successfully
2020-10-02 22:21:33,613 INFO Directory LC08_L1TP_131046_20170515_20170515_01_RT created successfully
2020-10-02 22:21:33,614 INFO Directory LC08_L1TP_131046_20170515_20170525_01_T1 created successfully
2020-10-02 22:21:33,614 INFO Directory LC08_L1TP_131046_20170702_20170702_01_RT created successfully
2020-10-02 22:21:33,614 INFO Directory LC08_L1TP_131046_20170702_20170715_01_T2 created successfully
2020-10-02 22:21:33,614 INFO Directory LC08_L1TP_131046_20170803_20170803_01_RT created successfully
2020-10-02 22:21:33,614 INFO Directory LC08_L1TP_131046_20170803_20170812_01_T1 created successfully
2020-10-02 22:21:33,614 INFO Directory LC08_L1TP_131046_20170819_20170819_01_RT created successfully
2020-10-02 22:21:33,615 INFO Directory LC08_L1TP_131046_20170819_20170826_01_T1 created successfully
2020-10-02 22:21:33,615 INFO Directory LC08_L1TP_131046_20170904_20170904_01_RT created successfully
2020-10-02 22:21:33,615 INFO Directory LC08_L1TP_131046_20170904_20170916_01_T1 created successfully
2020-10-02 22:21:33,615 INFO Directory LC08_L1TP_131046_20170920_20170920_01_RT created successfully
2020-10-02 22:21:33,615 INFO Directory LC08_L1TP_131046_20170920_20170930_01_T1 created successfully
2020-10-02 22:21:33,616 INFO Directory LC08_L1TP_131046_20171006_20171014_01_T1 created successfully
2020-10-02 22:21:33,616 INFO Directory LC08_L1TP_131046_20171022_20171022_01_RT created successfully
2020-10-02 22:21:33,616 INFO Directory LC08_L1TP_131046_20171022_20171107_01_T1 created successfully
2020-10-02 22:21:33,616 INFO Directory LC08_L1TP_131046_20171107_20171107_01_RT created successfully
2020-10-02 22:21:33,617 INFO Directory LC08_L1TP_131046_20171107_20171121_01_T1 created successfully
2020-10-02 22:21:33,617 INFO Directory LC08_L1TP_131046_20171209_20171209_01_RT created successfully
2020-10-02 22:21:33,617 INFO Directory LC08_L1TP_131046_20171209_20171223_01_T1 created successfully
2020-10-02 22:21:33,617 INFO Directory LC08_L1TP_131046_20171225_20171225_01_RT created successfully
2020-10-02 22:21:33,617 INFO Directory LC08_L1TP_131046_20171225_20180103_01_T1 created successfully
2020-10-02 22:21:33,618 INFO Directory LC08_L1TP_131046_20180110_20180110_01_RT created successfully
2020-10-02 22:21:33,618 INFO Directory LC08_L1TP_131046_20180110_20180119_01_T1 created successfully
2020-10-02 22:21:33,618 INFO Directory LC08_L1TP_131046_20180126_20180126_01_RT created successfully
2020-10-02 22:21:33,618 INFO Directory LC08_L1TP_131046_20180126_20180207_01_T1 created successfully
2020-10-02 22:21:33,618 INFO Directory LC08_L1TP_131046_20180211_20180211_01_RT created successfully
2020-10-02 22:21:33,618 INFO Directory LC08_L1TP_131046_20180211_20180222_01_T1 created successfully
2020-10-02 22:21:33,619 INFO Directory LC08_L1TP_131046_20180227_20180227_01_RT created successfully
2020-10-02 22:21:33,619 INFO Directory LC08_L1TP_131046_20180227_20180308_01_T1 created successfully
2020-10-02 22:21:33,619 INFO Directory LC08_L1TP_131046_20180315_20180315_01_RT created successfully
2020-10-02 22:21:33,619 INFO Directory LC08_L1TP_131046_20180315_20180320_01_T1 created successfully
2020-10-02 22:21:33,619 INFO Directory LC08_L1TP_131046_20180331_20180331_01_RT created successfully
2020-10-02 22:21:33,619 INFO Directory LC08_L1TP_131046_20180331_20180405_01_T1 created successfully
2020-10-02 22:21:33,620 INFO Directory LC08_L1TP_131046_20180416_20180416_01_RT created successfully
2020-10-02 22:21:33,620 INFO Directory LC08_L1TP_131046_20180416_20180501_01_T1 created successfully
2020-10-02 22:21:33,620 INFO Directory LC08_L1TP_131046_20180518_20180518_01_RT created successfully
2020-10-02 22:21:33,620 INFO Directory LC08_L1TP_131046_20180518_20180604_01_T1 created successfully
2020-10-02 22:21:33,620 INFO Directory LC08_L1TP_131046_20180603_20180603_01_RT created successfully
2020-10-02 22:21:33,621 INFO Directory LC08_L1TP_131046_20180603_20180615_01_T1 created successfully
2020-10-02 22:21:33,621 INFO Directory LC08_L1TP_131046_20180705_20180705_01_RT created successfully
2020-10-02 22:21:33,621 INFO Directory LC08_L1TP_131046_20180705_20180717_01_T1 created successfully
2020-10-02 22:21:33,621 INFO Directory LC08_L1TP_131046_20180822_20180822_01_RT created successfully
2020-10-02 22:21:33,621 INFO Directory LC08_L1TP_131046_20180822_20180829_01_T2 created successfully
2020-10-02 22:21:33,621 INFO Directory LC08_L1TP_131046_20180907_20180907_01_RT created successfully
2020-10-02 22:21:33,622 INFO Directory LC08_L1TP_131046_20180907_20180912_01_T1 created successfully
2020-10-02 22:21:33,622 INFO Directory LC08_L1TP_131046_20180923_20180923_01_RT created successfully
2020-10-02 22:21:33,622 INFO Directory LC08_L1TP_131046_20180923_20180928_01_T1 created successfully
2020-10-02 22:21:33,622 INFO Directory LC08_L1TP_131046_20181009_20181009_01_RT created successfully
2020-10-02 22:21:33,622 INFO Directory LC08_L1TP_131046_20181009_20181029_01_T1 created successfully
2020-10-02 22:21:33,622 INFO Directory LC08_L1TP_131046_20181025_20181025_01_RT created successfully
2020-10-02 22:21:33,623 INFO Directory LC08_L1TP_131046_20181025_20181031_01_T1 created successfully
2020-10-02 22:21:33,623 INFO Directory LC08_L1TP_131046_20181110_20181110_01_RT created successfully
2020-10-02 22:21:33,623 INFO Directory LC08_L1TP_131046_20181110_20181127_01_T1 created successfully
2020-10-02 22:21:33,623 INFO Directory LC08_L1TP_131046_20181126_20181126_01_RT created successfully
2020-10-02 22:21:33,623 INFO Directory LC08_L1TP_131046_20181126_20181210_01_T1 created successfully
2020-10-02 22:21:33,623 INFO Directory LC08_L1TP_131046_20181228_20181228_01_RT created successfully
2020-10-02 22:21:33,624 INFO Directory LC08_L1TP_131046_20181228_20190129_01_T1 created successfully
2020-10-02 22:21:33,624 INFO Directory LC08_L1TP_131046_20190113_20190113_01_RT created successfully
2020-10-02 22:21:33,624 INFO Directory LC08_L1TP_131046_20190113_20190131_01_T1 created successfully
2020-10-02 22:21:33,624 INFO Directory LC08_L1TP_131046_20190129_20190129_01_RT created successfully
2020-10-02 22:21:33,624 INFO Directory LC08_L1TP_131046_20190129_20190206_01_T1 created successfully
2020-10-02 22:21:33,624 INFO Directory LC08_L1TP_131046_20190214_20190214_01_RT created successfully
2020-10-02 22:21:33,625 INFO Directory LC08_L1TP_131046_20190214_20190222_01_T1 created successfully
2020-10-02 22:21:33,625 INFO Directory LC08_L1TP_131046_20190302_20190302_01_RT created successfully
2020-10-02 22:21:33,625 INFO Directory LC08_L1TP_131046_20190302_20190309_01_T1 created successfully
2020-10-02 22:21:33,625 INFO Directory LC08_L1TP_131046_20190318_20190318_01_RT created successfully
2020-10-02 22:21:33,625 INFO Directory LC08_L1TP_131046_20190318_20190325_01_T1 created successfully
2020-10-02 22:21:33,625 INFO Directory LC08_L1TP_131046_20190403_20190403_01_RT created successfully
2020-10-02 22:21:33,626 INFO Directory LC08_L1TP_131046_20190403_20190421_01_T1 created successfully
2020-10-02 22:21:33,626 INFO Directory LC08_L1TP_131046_20190419_20190419_01_RT created successfully
2020-10-02 22:21:33,626 INFO Directory LC08_L1TP_131046_20190419_20190423_01_T1 created successfully
2020-10-02 22:21:33,626 INFO Directory LC08_L1TP_131046_20190505_20190505_01_RT created successfully
2020-10-02 22:21:33,626 INFO Directory LC08_L1TP_131046_20190505_20190520_01_T1 created successfully
2020-10-02 22:21:33,626 INFO Directory LC08_L1TP_131046_20190521_20190521_01_RT created successfully
2020-10-02 22:21:33,627 INFO Directory LC08_L1TP_131046_20190521_20190604_01_T1 created successfully
2020-10-02 22:21:33,627 INFO Directory LC08_L1TP_131046_20190606_20190606_01_RT created successfully
2020-10-02 22:21:33,627 INFO Directory LC08_L1TP_131046_20190606_20190619_01_T1 created successfully
2020-10-02 22:21:33,627 INFO Directory LC08_L1TP_131046_20190622_20190622_01_RT created successfully
2020-10-02 22:21:33,627 INFO Directory LC08_L1TP_131046_20190622_20190704_01_T1 created successfully
2020-10-02 22:21:33,628 INFO Directory LC08_L1TP_131046_20190825_20190825_01_RT created successfully
2020-10-02 22:21:33,628 INFO Directory LC08_L1TP_131046_20190825_20190903_01_T1 created successfully
2020-10-02 22:21:33,628 INFO Directory LC08_L1TP_131046_20190910_20190910_01_RT created successfully
2020-10-02 22:21:33,628 INFO Directory LC08_L1TP_131046_20190910_20190917_01_T1 created successfully
2020-10-02 22:21:33,628 INFO Directory LC08_L1TP_131046_20190926_20190926_01_RT created successfully
2020-10-02 22:21:33,628 INFO Directory LC08_L1TP_131046_20190926_20191001_01_RT created successfully
2020-10-02 22:21:33,629 INFO Directory LC08_L1TP_131046_20190926_20191017_01_T1 created successfully
2020-10-02 22:21:33,629 INFO Directory LC08_L1TP_131046_20191012_20191012_01_RT created successfully
2020-10-02 22:21:33,629 INFO Directory LC08_L1TP_131046_20191012_20191018_01_T1 created successfully
2020-10-02 22:21:33,629 INFO Directory LC08_L1TP_131046_20191028_20191028_01_RT created successfully
2020-10-02 22:21:33,629 INFO Directory LC08_L1TP_131046_20191028_20191030_01_T1 created successfully
2020-10-02 22:21:33,629 INFO Directory LC08_L1TP_131046_20191113_20191113_01_T1 created successfully
2020-10-02 22:21:33,630 INFO Directory LC08_L1TP_131046_20191113_20191115_01_T1 created successfully
2020-10-02 22:21:33,630 INFO Directory LC08_L1TP_131046_20191129_20191129_01_RT created successfully
2020-10-02 22:21:33,630 INFO Directory LC08_L1TP_131046_20191129_20191216_01_T1 created successfully
2020-10-02 22:21:33,630 INFO Directory LC08_L1TP_131046_20191215_20191215_01_RT created successfully
2020-10-02 22:21:33,630 INFO Directory LC08_L1TP_131046_20191215_20191226_01_T1 created successfully
2020-10-02 22:21:33,630 INFO Directory LC08_L1TP_131046_20191231_20191231_01_RT created successfully
2020-10-02 22:21:33,631 INFO Directory LC08_L1TP_131046_20191231_20200111_01_T1 created successfully
2020-10-02 22:21:33,631 INFO Directory LC08_L1TP_131046_20200116_20200116_01_RT created successfully
2020-10-02 22:21:33,631 INFO Directory LC08_L1TP_131046_20200116_20200127_01_T1 created successfully
2020-10-02 22:21:33,631 INFO Directory LC08_L1TP_131046_20200201_20200201_01_RT created successfully
2020-10-02 22:21:33,631 INFO Directory LC08_L1TP_131046_20200201_20200211_01_T1 created successfully
2020-10-02 22:21:33,632 INFO Directory LC08_L1TP_131046_20200217_20200217_01_RT created successfully
2020-10-02 22:21:33,632 INFO Directory LC08_L1TP_131046_20200217_20200225_01_T1 created successfully
2020-10-02 22:21:33,632 INFO Directory LC08_L1TP_131046_20200304_20200304_01_RT created successfully
2020-10-02 22:21:33,632 INFO Directory LC08_L1TP_131046_20200304_20200314_01_T1 created successfully
2020-10-02 22:21:33,632 INFO Directory LC08_L1TP_131046_20200320_20200320_01_RT created successfully
2020-10-02 22:21:33,632 INFO Directory LC08_L1TP_131046_20200320_20200326_01_T1 created successfully
2020-10-02 22:21:33,633 INFO Directory LC08_L1TP_131046_20200405_20200405_01_RT created successfully
2020-10-02 22:21:33,633 INFO Directory LC08_L1TP_131046_20200405_20200410_01_T1 created successfully
2020-10-02 22:21:33,633 INFO Directory LC08_L1TP_131046_20200421_20200421_01_RT created successfully
2020-10-02 22:21:33,633 INFO Directory LC08_L1TP_131046_20200421_20200508_01_T1 created successfully
2020-10-02 22:21:33,633 INFO Directory LC08_L1TP_131046_20200507_20200507_01_RT created successfully
2020-10-02 22:21:33,633 INFO Directory LC08_L1TP_131046_20200507_20200509_01_T1 created successfully
2020-10-02 22:21:33,634 INFO Directory LC08_L1TP_131046_20200523_20200523_01_RT created successfully
2020-10-02 22:21:33,634 INFO Directory LC08_L1TP_131046_20200523_20200607_01_T1 created successfully
2020-10-02 22:21:33,634 INFO Directory LC08_L1TP_131046_20200608_20200608_01_RT created successfully
2020-10-02 22:21:33,634 INFO Directory LC08_L1TP_131046_20200608_20200626_01_T1 created successfully
2020-10-02 22:21:33,634 INFO Directory LC08_L1TP_131046_20200624_20200625_01_RT created successfully
2020-10-02 22:21:33,634 INFO Directory LC08_L1TP_131046_20200624_20200707_01_T1 created successfully
2020-10-02 22:21:33,635 INFO Directory LC08_L1TP_131046_20200726_20200807_01_T1 created successfully
2020-10-02 22:21:33,635 INFO Directory LC08_L1TP_131046_20200827_20200827_01_RT created successfully
2020-10-02 22:21:33,635 INFO Directory LC08_L1TP_131046_20200827_20200905_01_T1 created successfully
2020-10-02 22:21:33,635 INFO Directory LC08_L1TP_131046_20200912_20200912_01_RT created successfully
2020-10-02 22:21:33,635 INFO Directory LC08_L1TP_131046_20200912_20200919_01_T1 created successfully
2020-10-02 22:26:55,197 INFO Directory LC08/01/132/046/LC08_L1GT_132046_20160519_20170324_01_T2/ created successfully
2020-10-02 22:26:55,198 INFO Directory LC08/01/132/046/LC08_L1GT_132046_20160620_20170323_01_T2/ created successfully
2020-10-02 22:26:55,198 INFO Directory LC08/01/132/046/LC08_L1GT_132046_20160706_20170323_01_T2/ created successfully
2020-10-02 22:26:55,198 INFO Directory LC08/01/132/046/LC08_L1GT_132046_20160722_20170322_01_T2/ created successfully
2020-10-02 22:26:55,199 INFO Directory LC08/01/132/046/LC08_L1GT_132046_20160722_20180524_01_T2/ created successfully
2020-10-02 22:26:55,200 INFO Directory LC08/01/132/046/LC08_L1GT_132046_20160823_20170322_01_T2/ created successfully
2020-10-02 22:26:55,200 INFO Directory LC08/01/132/046/LC08_L1GT_132046_20170709_20170709_01_RT/ created successfully
2020-10-02 22:26:55,201 INFO Directory LC08/01/132/046/LC08_L1GT_132046_20170709_20170717_01_T2/ created successfully
2020-10-02 22:26:55,201 INFO Directory LC08/01/132/046/LC08_L1GT_132046_20170725_20170725_01_RT/ created successfully
2020-10-02 22:26:55,202 INFO Directory LC08/01/132/046/LC08_L1GT_132046_20170725_20170810_01_T2/ created successfully
2020-10-02 22:26:55,202 INFO Directory LC08/01/132/046/LC08_L1GT_132046_20170810_20170810_01_RT/ created successfully
2020-10-02 22:26:55,203 INFO Directory LC08/01/132/046/LC08_L1GT_132046_20170810_20170824_01_T2/ created successfully
2020-10-02 22:26:55,203 INFO Directory LC08/01/132/046/LC08_L1GT_132046_20170826_20170826_01_RT/ created successfully
2020-10-02 22:26:55,204 INFO Directory LC08/01/132/046/LC08_L1GT_132046_20170826_20170913_01_T2/ created successfully
2020-10-02 22:26:55,204 INFO Directory LC08/01/132/046/LC08_L1GT_132046_20170927_20171013_01_T2/ created successfully
2020-10-02 22:26:55,205 INFO Directory LC08/01/132/046/LC08_L1GT_132046_20180610_20180610_01_RT/ created successfully
2020-10-02 22:26:55,205 INFO Directory LC08/01/132/046/LC08_L1GT_132046_20180610_20180615_01_T2/ created successfully
2020-10-02 22:26:55,205 INFO Directory LC08/01/132/046/LC08_L1GT_132046_20180626_20180626_01_RT/ created successfully
2020-10-02 22:26:55,206 INFO Directory LC08/01/132/046/LC08_L1GT_132046_20180626_20180704_01_T2/ created successfully
2020-10-02 22:26:55,206 INFO Directory LC08/01/132/046/LC08_L1GT_132046_20180712_20180712_01_RT/ created successfully
2020-10-02 22:26:55,206 INFO Directory LC08/01/132/046/LC08_L1GT_132046_20180712_20180717_01_T2/ created successfully
2020-10-02 22:26:55,207 INFO Directory LC08/01/132/046/LC08_L1GT_132046_20180728_20180728_01_RT/ created successfully
2020-10-02 22:26:55,207 INFO Directory LC08/01/132/046/LC08_L1GT_132046_20180728_20180731_01_T2/ created successfully
2020-10-02 22:26:55,207 INFO Directory LC08/01/132/046/LC08_L1GT_132046_20180813_20180813_01_RT/ created successfully
2020-10-02 22:26:55,208 INFO Directory LC08/01/132/046/LC08_L1GT_132046_20180813_20180828_01_T2/ created successfully
2020-10-02 22:26:55,208 INFO Directory LC08/01/132/046/LC08_L1GT_132046_20180829_20180829_01_RT/ created successfully
2020-10-02 22:26:55,208 INFO Directory LC08/01/132/046/LC08_L1GT_132046_20180829_20180911_01_T2/ created successfully
2020-10-02 22:26:55,209 INFO Directory LC08/01/132/046/LC08_L1GT_132046_20180914_20180914_01_RT/ created successfully
2020-10-02 22:26:55,209 INFO Directory LC08/01/132/046/LC08_L1GT_132046_20180914_20180928_01_T2/ created successfully
2020-10-02 22:26:55,210 INFO Directory LC08/01/132/046/LC08_L1GT_132046_20190613_20190613_01_RT/ created successfully
2020-10-02 22:26:55,210 INFO Directory LC08/01/132/046/LC08_L1GT_132046_20190613_20190619_01_T2/ created successfully
2020-10-02 22:26:55,210 INFO Directory LC08/01/132/046/LC08_L1GT_132046_20190629_20190629_01_RT/ created successfully
2020-10-02 22:26:55,211 INFO Directory LC08/01/132/046/LC08_L1GT_132046_20190629_20190706_01_T2/ created successfully
2020-10-02 22:26:55,211 INFO Directory LC08/01/132/046/LC08_L1GT_132046_20190731_20190731_01_RT/ created successfully
2020-10-02 22:26:55,212 INFO Directory LC08/01/132/046/LC08_L1GT_132046_20190731_20190819_01_T2/ created successfully
2020-10-02 22:26:55,212 INFO Directory LC08/01/132/046/LC08_L1GT_132046_20190816_20190816_01_RT/ created successfully
2020-10-02 22:26:55,212 INFO Directory LC08/01/132/046/LC08_L1GT_132046_20190816_20190821_01_T2/ created successfully
2020-10-02 22:26:55,213 INFO Directory LC08/01/132/046/LC08_L1GT_132046_20190901_20190901_01_RT/ created successfully
2020-10-02 22:26:55,213 INFO Directory LC08/01/132/046/LC08_L1GT_132046_20190901_20190916_01_T2/ created successfully
2020-10-02 22:26:55,213 INFO Directory LC08/01/132/046/LC08_L1GT_132046_20200428_20200428_01_RT/ created successfully
2020-10-02 22:26:55,214 INFO Directory LC08/01/132/046/LC08_L1GT_132046_20200428_20200509_01_T2/ created successfully
2020-10-02 22:26:55,214 INFO Directory LC08/01/132/046/LC08_L1GT_132046_20200701_20200701_01_RT/ created successfully
2020-10-02 22:26:55,215 INFO Directory LC08/01/132/046/LC08_L1GT_132046_20200701_20200708_01_T2/ created successfully
2020-10-02 22:26:55,215 INFO Directory LC08/01/132/046/LC08_L1GT_132046_20200818_20200818_01_RT/ created successfully
2020-10-02 22:26:55,215 INFO Directory LC08/01/132/046/LC08_L1GT_132046_20200818_20200823_01_T2/ created successfully
2020-10-02 22:26:55,216 INFO Directory LC08/01/132/046/LC08_L1TP_132046_20151008_20170403_01_T1/ created successfully
2020-10-02 22:26:55,216 INFO Directory LC08/01/132/046/LC08_L1TP_132046_20151024_20170402_01_T1/ created successfully
2020-10-02 22:26:55,216 INFO Directory LC08/01/132/046/LC08_L1TP_132046_20151109_20170402_01_T1/ created successfully
2020-10-02 22:26:55,217 INFO Directory LC08/01/132/046/LC08_L1TP_132046_20151125_20170401_01_T1/ created successfully
2020-10-02 22:26:55,217 INFO Directory LC08/01/132/046/LC08_L1TP_132046_20151211_20170401_01_T1/ created successfully
2020-10-02 22:26:55,217 INFO Directory LC08/01/132/046/LC08_L1TP_132046_20151227_20170331_01_T1/ created successfully
2020-10-02 22:26:55,218 INFO Directory LC08/01/132/046/LC08_L1TP_132046_20160112_20170405_01_T1/ created successfully
2020-10-02 22:26:55,218 INFO Directory LC08/01/132/046/LC08_L1TP_132046_20160128_20170330_01_T1/ created successfully
2020-10-02 22:26:55,218 INFO Directory LC08/01/132/046/LC08_L1TP_132046_20160213_20170330_01_T1/ created successfully
2020-10-02 22:26:55,218 INFO Directory LC08/01/132/046/LC08_L1TP_132046_20160229_20170329_01_T1/ created successfully
2020-10-02 22:26:55,219 INFO Directory LC08/01/132/046/LC08_L1TP_132046_20160316_20170328_01_T1/ created successfully
2020-10-02 22:26:55,220 INFO Directory LC08/01/132/046/LC08_L1TP_132046_20160401_20170327_01_T1/ created successfully
2020-10-02 22:26:55,220 INFO Directory LC08/01/132/046/LC08_L1TP_132046_20160417_20170326_01_T1/ created successfully
2020-10-02 22:26:55,220 INFO Directory LC08/01/132/046/LC08_L1TP_132046_20160503_20170325_01_T1/ created successfully
2020-10-02 22:26:55,221 INFO Directory LC08/01/132/046/LC08_L1TP_132046_20160604_20170324_01_T2/ created successfully
2020-10-02 22:26:55,221 INFO Directory LC08/01/132/046/LC08_L1TP_132046_20160807_20170322_01_T1/ created successfully
2020-10-02 22:26:55,222 INFO Directory LC08/01/132/046/LC08_L1TP_132046_20160908_20170321_01_T1/ created successfully
2020-10-02 22:26:55,222 INFO Directory LC08/01/132/046/LC08_L1TP_132046_20160908_20180524_01_T1/ created successfully
2020-10-02 22:26:55,222 INFO Directory LC08/01/132/046/LC08_L1TP_132046_20160924_20170320_01_T1/ created successfully
2020-10-02 22:26:55,223 INFO Directory LC08/01/132/046/LC08_L1TP_132046_20161010_20170320_01_T1/ created successfully
2020-10-02 22:26:55,223 INFO Directory LC08/01/132/046/LC08_L1TP_132046_20161026_20170319_01_T1/ created successfully
2020-10-02 22:26:55,224 INFO Directory LC08/01/132/046/LC08_L1TP_132046_20161111_20170318_01_T1/ created successfully
2020-10-02 22:26:55,224 INFO Directory LC08/01/132/046/LC08_L1TP_132046_20161127_20170317_01_T1/ created successfully
2020-10-02 22:26:55,224 INFO Directory LC08/01/132/046/LC08_L1TP_132046_20161213_20170316_01_T1/ created successfully
2020-10-02 22:26:55,225 INFO Directory LC08/01/132/046/LC08_L1TP_132046_20161229_20170314_01_T1/ created successfully
2020-10-02 22:26:55,226 INFO Directory LC08/01/132/046/LC08_L1TP_132046_20170114_20170311_01_T1/ created successfully
2020-10-02 22:26:55,226 INFO Directory LC08/01/132/046/LC08_L1TP_132046_20170130_20170215_01_T1/ created successfully
2020-10-02 22:26:55,227 INFO Directory LC08/01/132/046/LC08_L1TP_132046_20170215_20170228_01_T1/ created successfully
2020-10-02 22:26:55,227 INFO Directory LC08/01/132/046/LC08_L1TP_132046_20170303_20170316_01_T1/ created successfully
2020-10-02 22:26:55,228 INFO Directory LC08/01/132/046/LC08_L1TP_132046_20170319_20170328_01_T1/ created successfully
2020-10-02 22:26:55,228 INFO Directory LC08/01/132/046/LC08_L1TP_132046_20170404_20170414_01_T1/ created successfully
2020-10-02 22:26:55,229 INFO Directory LC08/01/132/046/LC08_L1TP_132046_20170420_20170420_01_RT/ created successfully
2020-10-02 22:26:55,229 INFO Directory LC08/01/132/046/LC08_L1TP_132046_20170420_20170501_01_T1/ created successfully
2020-10-02 22:26:55,230 INFO Directory LC08/01/132/046/LC08_L1TP_132046_20170506_20170506_01_RT/ created successfully
2020-10-02 22:26:55,230 INFO Directory LC08/01/132/046/LC08_L1TP_132046_20170506_20170515_01_T1/ created successfully
2020-10-02 22:26:55,231 INFO Directory LC08/01/132/046/LC08_L1TP_132046_20170522_20170522_01_RT/ created successfully
2020-10-02 22:26:55,231 INFO Directory LC08/01/132/046/LC08_L1TP_132046_20170522_20170526_01_T1/ created successfully
2020-10-02 22:26:55,232 INFO Directory LC08/01/132/046/LC08_L1TP_132046_20170607_20170607_01_RT/ created successfully
2020-10-02 22:26:55,232 INFO Directory LC08/01/132/046/LC08_L1TP_132046_20170607_20170616_01_T1/ created successfully
2020-10-02 22:26:55,233 INFO Directory LC08/01/132/046/LC08_L1TP_132046_20170623_20170623_01_RT/ created successfully
2020-10-02 22:26:55,233 INFO Directory LC08/01/132/046/LC08_L1TP_132046_20170623_20170630_01_T1/ created successfully
2020-10-02 22:26:55,234 INFO Directory LC08/01/132/046/LC08_L1TP_132046_20170911_20170911_01_RT/ created successfully
2020-10-02 22:26:55,234 INFO Directory LC08/01/132/046/LC08_L1TP_132046_20170911_20170927_01_T2/ created successfully
2020-10-02 22:26:55,235 INFO Directory LC08/01/132/046/LC08_L1TP_132046_20171013_20171013_01_RT/ created successfully
2020-10-02 22:26:55,235 INFO Directory LC08/01/132/046/LC08_L1TP_132046_20171013_20171024_01_T1/ created successfully
2020-10-02 22:26:55,236 INFO Directory LC08/01/132/046/LC08_L1TP_132046_20171029_20171029_01_RT/ created successfully
2020-10-02 22:26:55,236 INFO Directory LC08/01/132/046/LC08_L1TP_132046_20171029_20171109_01_T1/ created successfully
2020-10-02 22:26:55,237 INFO Directory LC08/01/132/046/LC08_L1TP_132046_20171114_20171114_01_RT/ created successfully
2020-10-02 22:26:55,237 INFO Directory LC08/01/132/046/LC08_L1TP_132046_20171114_20171122_01_T1/ created successfully
2020-10-02 22:26:55,238 INFO Directory LC08/01/132/046/LC08_L1TP_132046_20171130_20171130_01_RT/ created successfully
2020-10-02 22:26:55,238 INFO Directory LC08/01/132/046/LC08_L1TP_132046_20171130_20171207_01_T1/ created successfully
2020-10-02 22:26:55,239 INFO Directory LC08/01/132/046/LC08_L1TP_132046_20171216_20171216_01_RT/ created successfully
2020-10-02 22:26:55,240 INFO Directory LC08/01/132/046/LC08_L1TP_132046_20171216_20171224_01_T1/ created successfully
2020-10-02 22:26:55,240 INFO Directory LC08/01/132/046/LC08_L1TP_132046_20180101_20180101_01_RT/ created successfully
2020-10-02 22:26:55,241 INFO Directory LC08/01/132/046/LC08_L1TP_132046_20180101_20180104_01_T2/ created successfully
2020-10-02 22:26:55,241 INFO Directory LC08/01/132/046/LC08_L1TP_132046_20180117_20180117_01_RT/ created successfully
2020-10-02 22:26:55,242 INFO Directory LC08/01/132/046/LC08_L1TP_132046_20180117_20180205_01_T1/ created successfully
2020-10-02 22:26:55,242 INFO Directory LC08/01/132/046/LC08_L1TP_132046_20180202_20180202_01_RT/ created successfully
2020-10-02 22:26:55,243 INFO Directory LC08/01/132/046/LC08_L1TP_132046_20180202_20180220_01_T1/ created successfully
2020-10-02 22:26:55,243 INFO Directory LC08/01/132/046/LC08_L1TP_132046_20180218_20180218_01_RT/ created successfully
2020-10-02 22:26:55,244 INFO Directory LC08/01/132/046/LC08_L1TP_132046_20180218_20180307_01_T1/ created successfully
2020-10-02 22:26:55,244 INFO Directory LC08/01/132/046/LC08_L1TP_132046_20180306_20180306_01_RT/ created successfully
2020-10-02 22:26:55,245 INFO Directory LC08/01/132/046/LC08_L1TP_132046_20180306_20180319_01_T1/ created successfully
2020-10-02 22:26:55,245 INFO Directory LC08/01/132/046/LC08_L1TP_132046_20180322_20180322_01_RT/ created successfully
2020-10-02 22:26:55,246 INFO Directory LC08/01/132/046/LC08_L1TP_132046_20180322_20180403_01_T1/ created successfully
2020-10-02 22:26:55,246 INFO Directory LC08/01/132/046/LC08_L1TP_132046_20180407_20180407_01_RT/ created successfully
2020-10-02 22:26:55,247 INFO Directory LC08/01/132/046/LC08_L1TP_132046_20180407_20180417_01_T1/ created successfully
2020-10-02 22:26:55,248 INFO Directory LC08/01/132/046/LC08_L1TP_132046_20180423_20180423_01_RT/ created successfully
2020-10-02 22:26:55,248 INFO Directory LC08/01/132/046/LC08_L1TP_132046_20180423_20180502_01_T1/ created successfully
2020-10-02 22:26:55,249 INFO Directory LC08/01/132/046/LC08_L1TP_132046_20180509_20180509_01_RT/ created successfully
2020-10-02 22:26:55,249 INFO Directory LC08/01/132/046/LC08_L1TP_132046_20180509_20180517_01_T1/ created successfully
2020-10-02 22:26:55,250 INFO Directory LC08/01/132/046/LC08_L1TP_132046_20180525_20180525_01_RT/ created successfully
2020-10-02 22:26:55,250 INFO Directory LC08/01/132/046/LC08_L1TP_132046_20180525_20180605_01_T1/ created successfully
2020-10-02 22:26:55,251 INFO Directory LC08/01/132/046/LC08_L1TP_132046_20180930_20180930_01_RT/ created successfully
2020-10-02 22:26:55,251 INFO Directory LC08/01/132/046/LC08_L1TP_132046_20180930_20181010_01_T1/ created successfully
2020-10-02 22:26:55,252 INFO Directory LC08/01/132/046/LC08_L1TP_132046_20181016_20181016_01_RT/ created successfully
2020-10-02 22:26:55,252 INFO Directory LC08/01/132/046/LC08_L1TP_132046_20181016_20181030_01_T1/ created successfully
2020-10-02 22:26:55,253 INFO Directory LC08/01/132/046/LC08_L1TP_132046_20181101_20181101_01_RT/ created successfully
2020-10-02 22:26:55,253 INFO Directory LC08/01/132/046/LC08_L1TP_132046_20181101_20181115_01_T1/ created successfully
2020-10-02 22:26:55,254 INFO Directory LC08/01/132/046/LC08_L1TP_132046_20181117_20181119_01_RT/ created successfully
2020-10-02 22:26:55,254 INFO Directory LC08/01/132/046/LC08_L1TP_132046_20181117_20181129_01_T1/ created successfully
2020-10-02 22:26:55,255 INFO Directory LC08/01/132/046/LC08_L1TP_132046_20181203_20181203_01_RT/ created successfully
2020-10-02 22:26:55,255 INFO Directory LC08/01/132/046/LC08_L1TP_132046_20181203_20181211_01_T1/ created successfully
2020-10-02 22:26:55,256 INFO Directory LC08/01/132/046/LC08_L1TP_132046_20181219_20181219_01_RT/ created successfully
2020-10-02 22:26:55,256 INFO Directory LC08/01/132/046/LC08_L1TP_132046_20181219_20181227_01_T1/ created successfully
2020-10-02 22:26:55,257 INFO Directory LC08/01/132/046/LC08_L1TP_132046_20190104_20190104_01_RT/ created successfully
2020-10-02 22:26:55,257 INFO Directory LC08/01/132/046/LC08_L1TP_132046_20190104_20190130_01_T1/ created successfully
2020-10-02 22:26:55,258 INFO Directory LC08/01/132/046/LC08_L1TP_132046_20190120_20190120_01_RT/ created successfully
2020-10-02 22:26:55,258 INFO Directory LC08/01/132/046/LC08_L1TP_132046_20190120_20190201_01_T1/ created successfully
2020-10-02 22:26:55,259 INFO Directory LC08/01/132/046/LC08_L1TP_132046_20190205_20190205_01_RT/ created successfully
2020-10-02 22:26:55,259 INFO Directory LC08/01/132/046/LC08_L1TP_132046_20190205_20190221_01_T1/ created successfully
2020-10-02 22:26:55,260 INFO Directory LC08/01/132/046/LC08_L1TP_132046_20190221_20190221_01_RT/ created successfully
2020-10-02 22:26:55,260 INFO Directory LC08/01/132/046/LC08_L1TP_132046_20190221_20190308_01_T1/ created successfully
2020-10-02 22:26:55,261 INFO Directory LC08/01/132/046/LC08_L1TP_132046_20190309_20190309_01_RT/ created successfully
2020-10-02 22:26:55,261 INFO Directory LC08/01/132/046/LC08_L1TP_132046_20190309_20190325_01_T1/ created successfully
2020-10-02 22:26:55,262 INFO Directory LC08/01/132/046/LC08_L1TP_132046_20190325_20190325_01_RT/ created successfully
2020-10-02 22:26:55,262 INFO Directory LC08/01/132/046/LC08_L1TP_132046_20190325_20190403_01_T1/ created successfully
2020-10-02 22:26:55,263 INFO Directory LC08/01/132/046/LC08_L1TP_132046_20190410_20190410_01_RT/ created successfully
2020-10-02 22:26:55,263 INFO Directory LC08/01/132/046/LC08_L1TP_132046_20190410_20190422_01_T1/ created successfully
2020-10-02 22:26:55,264 INFO Directory LC08/01/132/046/LC08_L1TP_132046_20190426_20190426_01_RT/ created successfully
2020-10-02 22:26:55,264 INFO Directory LC08/01/132/046/LC08_L1TP_132046_20190426_20190508_01_T1/ created successfully
2020-10-02 22:26:55,265 INFO Directory LC08/01/132/046/LC08_L1TP_132046_20190512_20190512_01_RT/ created successfully
2020-10-02 22:26:55,265 INFO Directory LC08/01/132/046/LC08_L1TP_132046_20190512_20190521_01_T1/ created successfully
2020-10-02 22:26:55,266 INFO Directory LC08/01/132/046/LC08_L1TP_132046_20190528_20190528_01_RT/ created successfully
2020-10-02 22:26:55,266 INFO Directory LC08/01/132/046/LC08_L1TP_132046_20190528_20190605_01_T1/ created successfully
2020-10-02 22:26:55,267 INFO Directory LC08/01/132/046/LC08_L1TP_132046_20190715_20190715_01_RT/ created successfully
2020-10-02 22:26:55,267 INFO Directory LC08/01/132/046/LC08_L1TP_132046_20190715_20190720_01_T1/ created successfully
2020-10-02 22:26:55,268 INFO Directory LC08/01/132/046/LC08_L1TP_132046_20190917_20190917_01_RT/ created successfully
2020-10-02 22:26:55,268 INFO Directory LC08/01/132/046/LC08_L1TP_132046_20190917_20190925_01_T1/ created successfully
2020-10-02 22:26:55,269 INFO Directory LC08/01/132/046/LC08_L1TP_132046_20191003_20191003_01_RT/ created successfully
2020-10-02 22:26:55,269 INFO Directory LC08/01/132/046/LC08_L1TP_132046_20191003_20191018_01_T1/ created successfully
2020-10-02 22:26:55,270 INFO Directory LC08/01/132/046/LC08_L1TP_132046_20191019_20191019_01_RT/ created successfully
2020-10-02 22:26:55,270 INFO Directory LC08/01/132/046/LC08_L1TP_132046_20191019_20191029_01_T1/ created successfully
2020-10-02 22:26:55,271 INFO Directory LC08/01/132/046/LC08_L1TP_132046_20191104_20191104_01_RT/ created successfully
2020-10-02 22:26:55,271 INFO Directory LC08/01/132/046/LC08_L1TP_132046_20191104_20191115_01_T1/ created successfully
2020-10-02 22:26:55,272 INFO Directory LC08/01/132/046/LC08_L1TP_132046_20191120_20191120_01_RT/ created successfully
2020-10-02 22:26:55,272 INFO Directory LC08/01/132/046/LC08_L1TP_132046_20191120_20191203_01_T1/ created successfully
2020-10-02 22:26:55,273 INFO Directory LC08/01/132/046/LC08_L1TP_132046_20191206_20191206_01_RT/ created successfully
2020-10-02 22:26:55,273 INFO Directory LC08/01/132/046/LC08_L1TP_132046_20191206_20191217_01_T1/ created successfully
2020-10-02 22:26:55,274 INFO Directory LC08/01/132/046/LC08_L1TP_132046_20191222_20191222_01_T1/ created successfully
2020-10-02 22:26:55,274 INFO Directory LC08/01/132/046/LC08_L1TP_132046_20191222_20200110_01_T1/ created successfully
2020-10-02 22:26:55,275 INFO Directory LC08/01/132/046/LC08_L1TP_132046_20200107_20200107_01_RT/ created successfully
2020-10-02 22:26:55,275 INFO Directory LC08/01/132/046/LC08_L1TP_132046_20200107_20200114_01_T1/ created successfully
2020-10-02 22:26:55,276 INFO Directory LC08/01/132/046/LC08_L1TP_132046_20200123_20200123_01_RT/ created successfully
2020-10-02 22:26:55,276 INFO Directory LC08/01/132/046/LC08_L1TP_132046_20200123_20200128_01_T1/ created successfully
2020-10-02 22:26:55,277 INFO Directory LC08/01/132/046/LC08_L1TP_132046_20200208_20200209_01_RT/ created successfully
2020-10-02 22:26:55,277 INFO Directory LC08/01/132/046/LC08_L1TP_132046_20200208_20200211_01_T1/ created successfully
2020-10-02 22:26:55,278 INFO Directory LC08/01/132/046/LC08_L1TP_132046_20200224_20200224_01_RT/ created successfully
2020-10-02 22:26:55,279 INFO Directory LC08/01/132/046/LC08_L1TP_132046_20200224_20200313_01_T1/ created successfully
2020-10-02 22:26:55,279 INFO Directory LC08/01/132/046/LC08_L1TP_132046_20200311_20200311_01_RT/ created successfully
2020-10-02 22:26:55,280 INFO Directory LC08/01/132/046/LC08_L1TP_132046_20200311_20200325_01_T1/ created successfully
2020-10-02 22:26:55,280 INFO Directory LC08/01/132/046/LC08_L1TP_132046_20200327_20200327_01_RT/ created successfully
2020-10-02 22:26:55,280 INFO Directory LC08/01/132/046/LC08_L1TP_132046_20200327_20200409_01_T1/ created successfully
2020-10-02 22:26:55,281 INFO Directory LC08/01/132/046/LC08_L1TP_132046_20200412_20200412_01_RT/ created successfully
2020-10-02 22:26:55,282 INFO Directory LC08/01/132/046/LC08_L1TP_132046_20200412_20200422_01_T1/ created successfully
2020-10-02 22:26:55,282 INFO Directory LC08/01/132/046/LC08_L1TP_132046_20200514_20200514_01_RT/ created successfully
2020-10-02 22:26:55,283 INFO Directory LC08/01/132/046/LC08_L1TP_132046_20200514_20200527_01_T1/ created successfully
2020-10-02 22:26:55,283 INFO Directory LC08/01/132/046/LC08_L1TP_132046_20200530_20200530_01_RT/ created successfully
2020-10-02 22:26:55,283 INFO Directory LC08/01/132/046/LC08_L1TP_132046_20200530_20200608_01_T1/ created successfully
2020-10-02 22:26:55,284 INFO Directory LC08/01/132/046/LC08_L1TP_132046_20200615_20200615_01_RT/ created successfully
2020-10-02 22:26:55,284 INFO Directory LC08/01/132/046/LC08_L1TP_132046_20200615_20200625_01_T1/ created successfully
2020-10-02 22:26:55,285 INFO Directory LC08/01/132/046/LC08_L1TP_132046_20200717_20200717_01_RT/ created successfully
2020-10-02 22:26:55,285 INFO Directory LC08/01/132/046/LC08_L1TP_132046_20200717_20200722_01_T2/ created successfully
2020-10-02 22:26:55,286 INFO Directory LC08/01/132/046/LC08_L1TP_132046_20200802_20200802_01_RT/ created successfully
2020-10-02 22:26:55,286 INFO Directory LC08/01/132/046/LC08_L1TP_132046_20200802_20200807_01_T1/ created successfully
2020-10-02 22:26:55,287 INFO Directory LC08/01/132/046/LC08_L1TP_132046_20200903_20200903_01_RT/ created successfully
2020-10-02 22:26:55,287 INFO Directory LC08/01/132/046/LC08_L1TP_132046_20200903_20200920_01_T1/ created successfully
2020-10-02 22:26:55,288 INFO Directory LC08/01/132/046/LC08_L1TP_132046_20200919_20200919_01_RT/ created successfully
2020-10-02 22:26:55,288 INFO Directory LC08/01/131/046/LC08_L1GT_131046_20151204_20170401_01_T2/ created successfully
2020-10-02 22:26:55,289 INFO Directory LC08/01/131/046/LC08_L1GT_131046_20160715_20170323_01_T2/ created successfully
2020-10-02 22:26:55,289 INFO Directory LC08/01/131/046/LC08_L1GT_131046_20160731_20170322_01_T2/ created successfully
2020-10-02 22:26:55,290 INFO Directory LC08/01/131/046/LC08_L1GT_131046_20160816_20170322_01_T2/ created successfully
2020-10-02 22:26:55,291 INFO Directory LC08/01/131/046/LC08_L1GT_131046_20170531_20170531_01_RT/ created successfully
2020-10-02 22:26:55,291 INFO Directory LC08/01/131/046/LC08_L1GT_131046_20170531_20170615_01_T2/ created successfully
2020-10-02 22:26:55,292 INFO Directory LC08/01/131/046/LC08_L1GT_131046_20170616_20170616_01_RT/ created successfully
2020-10-02 22:26:55,292 INFO Directory LC08/01/131/046/LC08_L1GT_131046_20170616_20170629_01_T2/ created successfully
2020-10-02 22:26:55,293 INFO Directory LC08/01/131/046/LC08_L1GT_131046_20170718_20170718_01_RT/ created successfully
2020-10-02 22:26:55,293 INFO Directory LC08/01/131/046/LC08_L1GT_131046_20170718_20170727_01_T2/ created successfully
2020-10-02 22:26:55,294 INFO Directory LC08/01/131/046/LC08_L1GT_131046_20171123_20171123_01_RT/ created successfully
2020-10-02 22:26:55,294 INFO Directory LC08/01/131/046/LC08_L1GT_131046_20171123_20171206_01_T2/ created successfully
2020-10-02 22:26:55,295 INFO Directory LC08/01/131/046/LC08_L1GT_131046_20180502_20180502_01_RT/ created successfully
2020-10-02 22:26:55,295 INFO Directory LC08/01/131/046/LC08_L1GT_131046_20180502_20180516_01_T2/ created successfully
2020-10-02 22:26:55,296 INFO Directory LC08/01/131/046/LC08_L1GT_131046_20180619_20180619_01_RT/ created successfully
2020-10-02 22:26:55,297 INFO Directory LC08/01/131/046/LC08_L1GT_131046_20180619_20180703_01_T2/ created successfully
2020-10-02 22:26:55,297 INFO Directory LC08/01/131/046/LC08_L1GT_131046_20180721_20180721_01_RT/ created successfully
2020-10-02 22:26:55,298 INFO Directory LC08/01/131/046/LC08_L1GT_131046_20180721_20180731_01_T2/ created successfully
2020-10-02 22:26:55,298 INFO Directory LC08/01/131/046/LC08_L1GT_131046_20180806_20180806_01_RT/ created successfully
2020-10-02 22:26:55,298 INFO Directory LC08/01/131/046/LC08_L1GT_131046_20180806_20180815_01_T2/ created successfully
2020-10-02 22:26:55,299 INFO Directory LC08/01/131/046/LC08_L1GT_131046_20181212_20181212_01_RT/ created successfully
2020-10-02 22:26:55,299 INFO Directory LC08/01/131/046/LC08_L1GT_131046_20181212_20181226_01_T2/ created successfully
2020-10-02 22:26:55,300 INFO Directory LC08/01/131/046/LC08_L1GT_131046_20190708_20190708_01_RT/ created successfully
2020-10-02 22:26:55,301 INFO Directory LC08/01/131/046/LC08_L1GT_131046_20190708_20190719_01_T2/ created successfully
2020-10-02 22:26:55,301 INFO Directory LC08/01/131/046/LC08_L1GT_131046_20190724_20190724_01_RT/ created successfully
2020-10-02 22:26:55,302 INFO Directory LC08/01/131/046/LC08_L1GT_131046_20190724_20190801_01_T2/ created successfully
2020-10-02 22:26:55,302 INFO Directory LC08/01/131/046/LC08_L1GT_131046_20190809_20190809_01_RT/ created successfully
2020-10-02 22:26:55,303 INFO Directory LC08/01/131/046/LC08_L1GT_131046_20190809_20190820_01_T2/ created successfully
2020-10-02 22:26:55,303 INFO Directory LC08/01/131/046/LC08_L1GT_131046_20200710_20200710_01_RT/ created successfully
2020-10-02 22:26:55,304 INFO Directory LC08/01/131/046/LC08_L1GT_131046_20200710_20200721_01_T2/ created successfully
2020-10-02 22:26:55,304 INFO Directory LC08/01/131/046/LC08_L1GT_131046_20200811_20200811_01_RT/ created successfully
2020-10-02 22:26:55,305 INFO Directory LC08/01/131/046/LC08_L1GT_131046_20200811_20200822_01_T2/ created successfully
2020-10-02 22:26:55,305 INFO Directory LC08/01/131/046/LC08_L1TP_131046_20151001_20170403_01_T1/ created successfully
2020-10-02 22:26:55,306 INFO Directory LC08/01/131/046/LC08_L1TP_131046_20151001_20180524_01_T1/ created successfully
2020-10-02 22:26:55,306 INFO Directory LC08/01/131/046/LC08_L1TP_131046_20151017_20170403_01_T1/ created successfully
2020-10-02 22:26:55,307 INFO Directory LC08/01/131/046/LC08_L1TP_131046_20151102_20170402_01_T1/ created successfully
2020-10-02 22:26:55,307 INFO Directory LC08/01/131/046/LC08_L1TP_131046_20151118_20170402_01_T1/ created successfully
2020-10-02 22:26:55,307 INFO Directory LC08/01/131/046/LC08_L1TP_131046_20151220_20170331_01_T1/ created successfully
2020-10-02 22:26:55,308 INFO Directory LC08/01/131/046/LC08_L1TP_131046_20160105_20170404_01_T1/ created successfully
2020-10-02 22:26:55,308 INFO Directory LC08/01/131/046/LC08_L1TP_131046_20160121_20170405_01_T1/ created successfully
2020-10-02 22:26:55,308 INFO Directory LC08/01/131/046/LC08_L1TP_131046_20160206_20170405_01_T1/ created successfully
2020-10-02 22:26:55,309 INFO Directory LC08/01/131/046/LC08_L1TP_131046_20160222_20170329_01_T1/ created successfully
2020-10-02 22:26:55,309 INFO Directory LC08/01/131/046/LC08_L1TP_131046_20160309_20170328_01_T1/ created successfully
2020-10-02 22:26:55,310 INFO Directory LC08/01/131/046/LC08_L1TP_131046_20160325_20170327_01_T1/ created successfully
2020-10-02 22:26:55,310 INFO Directory LC08/01/131/046/LC08_L1TP_131046_20160325_20180524_01_T1/ created successfully
2020-10-02 22:26:55,310 INFO Directory LC08/01/131/046/LC08_L1TP_131046_20160410_20170326_01_T1/ created successfully
2020-10-02 22:26:55,311 INFO Directory LC08/01/131/046/LC08_L1TP_131046_20160426_20170326_01_T1/ created successfully
2020-10-02 22:26:55,312 INFO Directory LC08/01/131/046/LC08_L1TP_131046_20160512_20170325_01_T1/ created successfully
2020-10-02 22:26:55,312 INFO Directory LC08/01/131/046/LC08_L1TP_131046_20160528_20170324_01_T1/ created successfully
2020-10-02 22:26:55,313 INFO Directory LC08/01/131/046/LC08_L1TP_131046_20160613_20170324_01_T1/ created successfully
2020-10-02 22:26:55,313 INFO Directory LC08/01/131/046/LC08_L1TP_131046_20160629_20170323_01_T2/ created successfully
2020-10-02 22:26:55,314 INFO Directory LC08/01/131/046/LC08_L1TP_131046_20160629_20180524_01_T2/ created successfully
2020-10-02 22:26:55,314 INFO Directory LC08/01/131/046/LC08_L1TP_131046_20160901_20170321_01_T1/ created successfully
2020-10-02 22:26:55,315 INFO Directory LC08/01/131/046/LC08_L1TP_131046_20160917_20170321_01_T1/ created successfully
2020-10-02 22:26:55,316 INFO Directory LC08/01/131/046/LC08_L1TP_131046_20161003_20170319_01_T1/ created successfully
2020-10-02 22:26:55,316 INFO Directory LC08/01/131/046/LC08_L1TP_131046_20161019_20170319_01_T1/ created successfully
2020-10-02 22:26:55,317 INFO Directory LC08/01/131/046/LC08_L1TP_131046_20161104_20170318_01_T1/ created successfully
2020-10-02 22:26:55,317 INFO Directory LC08/01/131/046/LC08_L1TP_131046_20161120_20170318_01_T1/ created successfully
2020-10-02 22:26:55,318 INFO Directory LC08/01/131/046/LC08_L1TP_131046_20161206_20170317_01_T1/ created successfully
2020-10-02 22:26:55,318 INFO Directory LC08/01/131/046/LC08_L1TP_131046_20161206_20180524_01_T1/ created successfully
2020-10-02 22:26:55,319 INFO Directory LC08/01/131/046/LC08_L1TP_131046_20161222_20170315_01_T1/ created successfully
2020-10-02 22:26:55,319 INFO Directory LC08/01/131/046/LC08_L1TP_131046_20170107_20170311_01_T1/ created successfully
2020-10-02 22:26:55,320 INFO Directory LC08/01/131/046/LC08_L1TP_131046_20170123_20170311_01_T1/ created successfully
2020-10-02 22:26:55,320 INFO Directory LC08/01/131/046/LC08_L1TP_131046_20170208_20170216_01_T1/ created successfully
2020-10-02 22:26:55,321 INFO Directory LC08/01/131/046/LC08_L1TP_131046_20170224_20170301_01_T1/ created successfully
2020-10-02 22:26:55,321 INFO Directory LC08/01/131/046/LC08_L1TP_131046_20170312_20170317_01_T1/ created successfully
2020-10-02 22:26:55,322 INFO Directory LC08/01/131/046/LC08_L1TP_131046_20170328_20170414_01_T1/ created successfully
2020-10-02 22:26:55,322 INFO Directory LC08/01/131/046/LC08_L1TP_131046_20170413_20170413_01_RT/ created successfully
2020-10-02 22:26:55,322 INFO Directory LC08/01/131/046/LC08_L1TP_131046_20170413_20170501_01_T1/ created successfully
2020-10-02 22:26:55,323 INFO Directory LC08/01/131/046/LC08_L1TP_131046_20170429_20170429_01_RT/ created successfully
2020-10-02 22:26:55,323 INFO Directory LC08/01/131/046/LC08_L1TP_131046_20170429_20170515_01_T1/ created successfully
2020-10-02 22:26:55,324 INFO Directory LC08/01/131/046/LC08_L1TP_131046_20170515_20170515_01_RT/ created successfully
2020-10-02 22:26:55,324 INFO Directory LC08/01/131/046/LC08_L1TP_131046_20170515_20170525_01_T1/ created successfully
2020-10-02 22:26:55,325 INFO Directory LC08/01/131/046/LC08_L1TP_131046_20170702_20170702_01_RT/ created successfully
2020-10-02 22:26:55,325 INFO Directory LC08/01/131/046/LC08_L1TP_131046_20170702_20170715_01_T2/ created successfully
2020-10-02 22:26:55,325 INFO Directory LC08/01/131/046/LC08_L1TP_131046_20170803_20170803_01_RT/ created successfully
2020-10-02 22:26:55,326 INFO Directory LC08/01/131/046/LC08_L1TP_131046_20170803_20170812_01_T1/ created successfully
2020-10-02 22:26:55,326 INFO Directory LC08/01/131/046/LC08_L1TP_131046_20170819_20170819_01_RT/ created successfully
2020-10-02 22:26:55,327 INFO Directory LC08/01/131/046/LC08_L1TP_131046_20170819_20170826_01_T1/ created successfully
2020-10-02 22:26:55,327 INFO Directory LC08/01/131/046/LC08_L1TP_131046_20170904_20170904_01_RT/ created successfully
2020-10-02 22:26:55,328 INFO Directory LC08/01/131/046/LC08_L1TP_131046_20170904_20170916_01_T1/ created successfully
2020-10-02 22:26:55,328 INFO Directory LC08/01/131/046/LC08_L1TP_131046_20170920_20170920_01_RT/ created successfully
2020-10-02 22:26:55,328 INFO Directory LC08/01/131/046/LC08_L1TP_131046_20170920_20170930_01_T1/ created successfully
2020-10-02 22:26:55,329 INFO Directory LC08/01/131/046/LC08_L1TP_131046_20171006_20171014_01_T1/ created successfully
2020-10-02 22:26:55,329 INFO Directory LC08/01/131/046/LC08_L1TP_131046_20171022_20171022_01_RT/ created successfully
2020-10-02 22:26:55,329 INFO Directory LC08/01/131/046/LC08_L1TP_131046_20171022_20171107_01_T1/ created successfully
2020-10-02 22:26:55,330 INFO Directory LC08/01/131/046/LC08_L1TP_131046_20171107_20171107_01_RT/ created successfully
2020-10-02 22:26:55,330 INFO Directory LC08/01/131/046/LC08_L1TP_131046_20171107_20171121_01_T1/ created successfully
2020-10-02 22:26:55,331 INFO Directory LC08/01/131/046/LC08_L1TP_131046_20171209_20171209_01_RT/ created successfully
2020-10-02 22:26:55,331 INFO Directory LC08/01/131/046/LC08_L1TP_131046_20171209_20171223_01_T1/ created successfully
2020-10-02 22:26:55,332 INFO Directory LC08/01/131/046/LC08_L1TP_131046_20171225_20171225_01_RT/ created successfully
2020-10-02 22:26:55,332 INFO Directory LC08/01/131/046/LC08_L1TP_131046_20171225_20180103_01_T1/ created successfully
2020-10-02 22:26:55,333 INFO Directory LC08/01/131/046/LC08_L1TP_131046_20180110_20180110_01_RT/ created successfully
2020-10-02 22:26:55,333 INFO Directory LC08/01/131/046/LC08_L1TP_131046_20180110_20180119_01_T1/ created successfully
2020-10-02 22:26:55,334 INFO Directory LC08/01/131/046/LC08_L1TP_131046_20180126_20180126_01_RT/ created successfully
2020-10-02 22:26:55,334 INFO Directory LC08/01/131/046/LC08_L1TP_131046_20180126_20180207_01_T1/ created successfully
2020-10-02 22:26:55,335 INFO Directory LC08/01/131/046/LC08_L1TP_131046_20180211_20180211_01_RT/ created successfully
2020-10-02 22:26:55,335 INFO Directory LC08/01/131/046/LC08_L1TP_131046_20180211_20180222_01_T1/ created successfully
2020-10-02 22:26:55,336 INFO Directory LC08/01/131/046/LC08_L1TP_131046_20180227_20180227_01_RT/ created successfully
2020-10-02 22:26:55,336 INFO Directory LC08/01/131/046/LC08_L1TP_131046_20180227_20180308_01_T1/ created successfully
2020-10-02 22:26:55,337 INFO Directory LC08/01/131/046/LC08_L1TP_131046_20180315_20180315_01_RT/ created successfully
2020-10-02 22:26:55,337 INFO Directory LC08/01/131/046/LC08_L1TP_131046_20180315_20180320_01_T1/ created successfully
2020-10-02 22:26:55,338 INFO Directory LC08/01/131/046/LC08_L1TP_131046_20180331_20180331_01_RT/ created successfully
2020-10-02 22:26:55,338 INFO Directory LC08/01/131/046/LC08_L1TP_131046_20180331_20180405_01_T1/ created successfully
2020-10-02 22:26:55,339 INFO Directory LC08/01/131/046/LC08_L1TP_131046_20180416_20180416_01_RT/ created successfully
2020-10-02 22:26:55,339 INFO Directory LC08/01/131/046/LC08_L1TP_131046_20180416_20180501_01_T1/ created successfully
2020-10-02 22:26:55,340 INFO Directory LC08/01/131/046/LC08_L1TP_131046_20180518_20180518_01_RT/ created successfully
2020-10-02 22:26:55,340 INFO Directory LC08/01/131/046/LC08_L1TP_131046_20180518_20180604_01_T1/ created successfully
2020-10-02 22:26:55,341 INFO Directory LC08/01/131/046/LC08_L1TP_131046_20180603_20180603_01_RT/ created successfully
2020-10-02 22:26:55,341 INFO Directory LC08/01/131/046/LC08_L1TP_131046_20180603_20180615_01_T1/ created successfully
2020-10-02 22:26:55,342 INFO Directory LC08/01/131/046/LC08_L1TP_131046_20180705_20180705_01_RT/ created successfully
2020-10-02 22:26:55,342 INFO Directory LC08/01/131/046/LC08_L1TP_131046_20180705_20180717_01_T1/ created successfully
2020-10-02 22:26:55,343 INFO Directory LC08/01/131/046/LC08_L1TP_131046_20180822_20180822_01_RT/ created successfully
2020-10-02 22:26:55,343 INFO Directory LC08/01/131/046/LC08_L1TP_131046_20180822_20180829_01_T2/ created successfully
2020-10-02 22:26:55,344 INFO Directory LC08/01/131/046/LC08_L1TP_131046_20180907_20180907_01_RT/ created successfully
2020-10-02 22:26:55,344 INFO Directory LC08/01/131/046/LC08_L1TP_131046_20180907_20180912_01_T1/ created successfully
2020-10-02 22:26:55,345 INFO Directory LC08/01/131/046/LC08_L1TP_131046_20180923_20180923_01_RT/ created successfully
2020-10-02 22:26:55,345 INFO Directory LC08/01/131/046/LC08_L1TP_131046_20180923_20180928_01_T1/ created successfully
2020-10-02 22:26:55,346 INFO Directory LC08/01/131/046/LC08_L1TP_131046_20181009_20181009_01_RT/ created successfully
2020-10-02 22:26:55,346 INFO Directory LC08/01/131/046/LC08_L1TP_131046_20181009_20181029_01_T1/ created successfully
2020-10-02 22:26:55,346 INFO Directory LC08/01/131/046/LC08_L1TP_131046_20181025_20181025_01_RT/ created successfully
2020-10-02 22:26:55,347 INFO Directory LC08/01/131/046/LC08_L1TP_131046_20181025_20181031_01_T1/ created successfully
2020-10-02 22:26:55,347 INFO Directory LC08/01/131/046/LC08_L1TP_131046_20181110_20181110_01_RT/ created successfully
2020-10-02 22:26:55,347 INFO Directory LC08/01/131/046/LC08_L1TP_131046_20181110_20181127_01_T1/ created successfully
2020-10-02 22:26:55,348 INFO Directory LC08/01/131/046/LC08_L1TP_131046_20181126_20181126_01_RT/ created successfully
2020-10-02 22:26:55,348 INFO Directory LC08/01/131/046/LC08_L1TP_131046_20181126_20181210_01_T1/ created successfully
2020-10-02 22:26:55,349 INFO Directory LC08/01/131/046/LC08_L1TP_131046_20181228_20181228_01_RT/ created successfully
2020-10-02 22:26:55,349 INFO Directory LC08/01/131/046/LC08_L1TP_131046_20181228_20190129_01_T1/ created successfully
2020-10-02 22:26:55,349 INFO Directory LC08/01/131/046/LC08_L1TP_131046_20190113_20190113_01_RT/ created successfully
2020-10-02 22:26:55,350 INFO Directory LC08/01/131/046/LC08_L1TP_131046_20190113_20190131_01_T1/ created successfully
2020-10-02 22:26:55,350 INFO Directory LC08/01/131/046/LC08_L1TP_131046_20190129_20190129_01_RT/ created successfully
2020-10-02 22:26:55,351 INFO Directory LC08/01/131/046/LC08_L1TP_131046_20190129_20190206_01_T1/ created successfully
2020-10-02 22:26:55,351 INFO Directory LC08/01/131/046/LC08_L1TP_131046_20190214_20190214_01_RT/ created successfully
2020-10-02 22:26:55,351 INFO Directory LC08/01/131/046/LC08_L1TP_131046_20190214_20190222_01_T1/ created successfully
2020-10-02 22:26:55,352 INFO Directory LC08/01/131/046/LC08_L1TP_131046_20190302_20190302_01_RT/ created successfully
2020-10-02 22:26:55,352 INFO Directory LC08/01/131/046/LC08_L1TP_131046_20190302_20190309_01_T1/ created successfully
2020-10-02 22:26:55,353 INFO Directory LC08/01/131/046/LC08_L1TP_131046_20190318_20190318_01_RT/ created successfully
2020-10-02 22:26:55,353 INFO Directory LC08/01/131/046/LC08_L1TP_131046_20190318_20190325_01_T1/ created successfully
2020-10-02 22:26:55,354 INFO Directory LC08/01/131/046/LC08_L1TP_131046_20190403_20190403_01_RT/ created successfully
2020-10-02 22:26:55,354 INFO Directory LC08/01/131/046/LC08_L1TP_131046_20190403_20190421_01_T1/ created successfully
2020-10-02 22:26:55,354 INFO Directory LC08/01/131/046/LC08_L1TP_131046_20190419_20190419_01_RT/ created successfully
2020-10-02 22:26:55,355 INFO Directory LC08/01/131/046/LC08_L1TP_131046_20190419_20190423_01_T1/ created successfully
2020-10-02 22:26:55,355 INFO Directory LC08/01/131/046/LC08_L1TP_131046_20190505_20190505_01_RT/ created successfully
2020-10-02 22:26:55,356 INFO Directory LC08/01/131/046/LC08_L1TP_131046_20190505_20190520_01_T1/ created successfully
2020-10-02 22:26:55,356 INFO Directory LC08/01/131/046/LC08_L1TP_131046_20190521_20190521_01_RT/ created successfully
2020-10-02 22:26:55,356 INFO Directory LC08/01/131/046/LC08_L1TP_131046_20190521_20190604_01_T1/ created successfully
2020-10-02 22:26:55,357 INFO Directory LC08/01/131/046/LC08_L1TP_131046_20190606_20190606_01_RT/ created successfully
2020-10-02 22:26:55,357 INFO Directory LC08/01/131/046/LC08_L1TP_131046_20190606_20190619_01_T1/ created successfully
2020-10-02 22:26:55,357 INFO Directory LC08/01/131/046/LC08_L1TP_131046_20190622_20190622_01_RT/ created successfully
2020-10-02 22:26:55,358 INFO Directory LC08/01/131/046/LC08_L1TP_131046_20190622_20190704_01_T1/ created successfully
2020-10-02 22:26:55,358 INFO Directory LC08/01/131/046/LC08_L1TP_131046_20190825_20190825_01_RT/ created successfully
2020-10-02 22:26:55,358 INFO Directory LC08/01/131/046/LC08_L1TP_131046_20190825_20190903_01_T1/ created successfully
2020-10-02 22:26:55,359 INFO Directory LC08/01/131/046/LC08_L1TP_131046_20190910_20190910_01_RT/ created successfully
2020-10-02 22:26:55,359 INFO Directory LC08/01/131/046/LC08_L1TP_131046_20190910_20190917_01_T1/ created successfully
2020-10-02 22:26:55,360 INFO Directory LC08/01/131/046/LC08_L1TP_131046_20190926_20190926_01_RT/ created successfully
2020-10-02 22:26:55,360 INFO Directory LC08/01/131/046/LC08_L1TP_131046_20190926_20191001_01_RT/ created successfully
2020-10-02 22:26:55,361 INFO Directory LC08/01/131/046/LC08_L1TP_131046_20190926_20191017_01_T1/ created successfully
2020-10-02 22:26:55,361 INFO Directory LC08/01/131/046/LC08_L1TP_131046_20191012_20191012_01_RT/ created successfully
2020-10-02 22:26:55,361 INFO Directory LC08/01/131/046/LC08_L1TP_131046_20191012_20191018_01_T1/ created successfully
2020-10-02 22:26:55,362 INFO Directory LC08/01/131/046/LC08_L1TP_131046_20191028_20191028_01_RT/ created successfully
2020-10-02 22:26:55,362 INFO Directory LC08/01/131/046/LC08_L1TP_131046_20191028_20191030_01_T1/ created successfully
2020-10-02 22:26:55,362 INFO Directory LC08/01/131/046/LC08_L1TP_131046_20191113_20191113_01_T1/ created successfully
2020-10-02 22:26:55,363 INFO Directory LC08/01/131/046/LC08_L1TP_131046_20191113_20191115_01_T1/ created successfully
2020-10-02 22:26:55,363 INFO Directory LC08/01/131/046/LC08_L1TP_131046_20191129_20191129_01_RT/ created successfully
2020-10-02 22:26:55,363 INFO Directory LC08/01/131/046/LC08_L1TP_131046_20191129_20191216_01_T1/ created successfully
2020-10-02 22:26:55,364 INFO Directory LC08/01/131/046/LC08_L1TP_131046_20191215_20191215_01_RT/ created successfully
2020-10-02 22:26:55,364 INFO Directory LC08/01/131/046/LC08_L1TP_131046_20191215_20191226_01_T1/ created successfully
2020-10-02 22:26:55,364 INFO Directory LC08/01/131/046/LC08_L1TP_131046_20191231_20191231_01_RT/ created successfully
2020-10-02 22:26:55,365 INFO Directory LC08/01/131/046/LC08_L1TP_131046_20191231_20200111_01_T1/ created successfully
2020-10-02 22:26:55,365 INFO Directory LC08/01/131/046/LC08_L1TP_131046_20200116_20200116_01_RT/ created successfully
2020-10-02 22:26:55,366 INFO Directory LC08/01/131/046/LC08_L1TP_131046_20200116_20200127_01_T1/ created successfully
2020-10-02 22:26:55,366 INFO Directory LC08/01/131/046/LC08_L1TP_131046_20200201_20200201_01_RT/ created successfully
2020-10-02 22:26:55,366 INFO Directory LC08/01/131/046/LC08_L1TP_131046_20200201_20200211_01_T1/ created successfully
2020-10-02 22:26:55,367 INFO Directory LC08/01/131/046/LC08_L1TP_131046_20200217_20200217_01_RT/ created successfully
2020-10-02 22:26:55,367 INFO Directory LC08/01/131/046/LC08_L1TP_131046_20200217_20200225_01_T1/ created successfully
2020-10-02 22:26:55,367 INFO Directory LC08/01/131/046/LC08_L1TP_131046_20200304_20200304_01_RT/ created successfully
2020-10-02 22:26:55,368 INFO Directory LC08/01/131/046/LC08_L1TP_131046_20200304_20200314_01_T1/ created successfully
2020-10-02 22:26:55,368 INFO Directory LC08/01/131/046/LC08_L1TP_131046_20200320_20200320_01_RT/ created successfully
2020-10-02 22:26:55,368 INFO Directory LC08/01/131/046/LC08_L1TP_131046_20200320_20200326_01_T1/ created successfully
2020-10-02 22:26:55,369 INFO Directory LC08/01/131/046/LC08_L1TP_131046_20200405_20200405_01_RT/ created successfully
2020-10-02 22:26:55,369 INFO Directory LC08/01/131/046/LC08_L1TP_131046_20200405_20200410_01_T1/ created successfully
2020-10-02 22:26:55,369 INFO Directory LC08/01/131/046/LC08_L1TP_131046_20200421_20200421_01_RT/ created successfully
2020-10-02 22:26:55,370 INFO Directory LC08/01/131/046/LC08_L1TP_131046_20200421_20200508_01_T1/ created successfully
2020-10-02 22:26:55,370 INFO Directory LC08/01/131/046/LC08_L1TP_131046_20200507_20200507_01_RT/ created successfully
2020-10-02 22:26:55,371 INFO Directory LC08/01/131/046/LC08_L1TP_131046_20200507_20200509_01_T1/ created successfully
2020-10-02 22:26:55,371 INFO Directory LC08/01/131/046/LC08_L1TP_131046_20200523_20200523_01_RT/ created successfully
2020-10-02 22:26:55,372 INFO Directory LC08/01/131/046/LC08_L1TP_131046_20200523_20200607_01_T1/ created successfully
2020-10-02 22:26:55,372 INFO Directory LC08/01/131/046/LC08_L1TP_131046_20200608_20200608_01_RT/ created successfully
2020-10-02 22:26:55,372 INFO Directory LC08/01/131/046/LC08_L1TP_131046_20200608_20200626_01_T1/ created successfully
2020-10-02 22:26:55,372 INFO Directory LC08/01/131/046/LC08_L1TP_131046_20200624_20200625_01_RT/ created successfully
2020-10-02 22:26:55,373 INFO Directory LC08/01/131/046/LC08_L1TP_131046_20200624_20200707_01_T1/ created successfully
2020-10-02 22:26:55,373 INFO Directory LC08/01/131/046/LC08_L1TP_131046_20200726_20200807_01_T1/ created successfully
2020-10-02 22:26:55,373 INFO Directory LC08/01/131/046/LC08_L1TP_131046_20200827_20200827_01_RT/ created successfully
2020-10-02 22:26:55,373 INFO Directory LC08/01/131/046/LC08_L1TP_131046_20200827_20200905_01_T1/ created successfully
2020-10-02 22:26:55,373 INFO Directory LC08/01/131/046/LC08_L1TP_131046_20200912_20200912_01_RT/ created successfully
2020-10-02 22:26:55,374 INFO Directory LC08/01/131/046/LC08_L1TP_131046_20200912_20200919_01_T1/ created successfully
